[2022-11-29T04:59:07.422+0000] {taskinstance.py:1165} INFO - Dependencies all met for <TaskInstance: s3_dag.process manual__2022-11-29T04:59:05.706335+00:00 [queued]>
[2022-11-29T04:59:07.429+0000] {taskinstance.py:1165} INFO - Dependencies all met for <TaskInstance: s3_dag.process manual__2022-11-29T04:59:05.706335+00:00 [queued]>
[2022-11-29T04:59:07.430+0000] {taskinstance.py:1362} INFO - 
--------------------------------------------------------------------------------
[2022-11-29T04:59:07.430+0000] {taskinstance.py:1363} INFO - Starting attempt 1 of 1
[2022-11-29T04:59:07.430+0000] {taskinstance.py:1364} INFO - 
--------------------------------------------------------------------------------
[2022-11-29T04:59:07.443+0000] {taskinstance.py:1383} INFO - Executing <Task(_PythonDecoratedOperator): process> on 2022-11-29 04:59:05.706335+00:00
[2022-11-29T04:59:07.449+0000] {standard_task_runner.py:55} INFO - Started process 257 to run task
[2022-11-29T04:59:07.451+0000] {standard_task_runner.py:82} INFO - Running: ['***', 'tasks', 'run', 's3_dag', 'process', 'manual__2022-11-29T04:59:05.706335+00:00', '--job-id', '183', '--raw', '--subdir', 'DAGS_FOLDER/s3_dag.py', '--cfg-path', '/tmp/tmpkfkly801']
[2022-11-29T04:59:07.452+0000] {standard_task_runner.py:83} INFO - Job 183: Subtask process
[2022-11-29T04:59:07.495+0000] {task_command.py:376} INFO - Running <TaskInstance: s3_dag.process manual__2022-11-29T04:59:05.706335+00:00 [running]> on host a3a66c4c6c98
[2022-11-29T04:59:07.565+0000] {taskinstance.py:1592} INFO - Exporting the following env vars:
AIRFLOW_CTX_DAG_OWNER=***
AIRFLOW_CTX_DAG_ID=s3_dag
AIRFLOW_CTX_TASK_ID=process
AIRFLOW_CTX_EXECUTION_DATE=2022-11-29T04:59:05.706335+00:00
AIRFLOW_CTX_TRY_NUMBER=1
AIRFLOW_CTX_DAG_RUN_ID=manual__2022-11-29T04:59:05.706335+00:00
[2022-11-29T04:59:07.568+0000] {logging_mixin.py:137} INFO - Processing:   Firstnames Lastnames
0      James      Wick
1    Corolla      Leto
2       Mark     Smith
3       Eddy     Etwan
[2022-11-29T04:59:07.569+0000] {python.py:177} INFO - Done. Returned value was: None
[2022-11-29T04:59:07.577+0000] {taskinstance.py:1406} INFO - Marking task as SUCCESS. dag_id=s3_dag, task_id=process, execution_date=20221129T045905, start_date=20221129T045907, end_date=20221129T045907
[2022-11-29T04:59:07.622+0000] {local_task_job.py:159} INFO - Task exited with return code 0
[2022-11-29T04:59:07.635+0000] {taskinstance.py:2623} INFO - 0 downstream tasks scheduled from follow-on schedule check
