[2022-11-30T04:21:40.539+0000] {taskinstance.py:1165} INFO - Dependencies all met for <TaskInstance: s3_dag.process manual__2022-11-30T04:21:37.709720+00:00 [queued]>
[2022-11-30T04:21:40.547+0000] {taskinstance.py:1165} INFO - Dependencies all met for <TaskInstance: s3_dag.process manual__2022-11-30T04:21:37.709720+00:00 [queued]>
[2022-11-30T04:21:40.547+0000] {taskinstance.py:1362} INFO - 
--------------------------------------------------------------------------------
[2022-11-30T04:21:40.548+0000] {taskinstance.py:1363} INFO - Starting attempt 1 of 1
[2022-11-30T04:21:40.548+0000] {taskinstance.py:1364} INFO - 
--------------------------------------------------------------------------------
[2022-11-30T04:21:40.583+0000] {taskinstance.py:1383} INFO - Executing <Task(_PythonDecoratedOperator): process> on 2022-11-30 04:21:37.709720+00:00
[2022-11-30T04:21:40.589+0000] {standard_task_runner.py:55} INFO - Started process 108 to run task
[2022-11-30T04:21:40.591+0000] {standard_task_runner.py:82} INFO - Running: ['***', 'tasks', 'run', 's3_dag', 'process', 'manual__2022-11-30T04:21:37.709720+00:00', '--job-id', '379', '--raw', '--subdir', 'DAGS_FOLDER/s3_dag.py', '--cfg-path', '/tmp/tmp01ee31b6']
[2022-11-30T04:21:40.591+0000] {standard_task_runner.py:83} INFO - Job 379: Subtask process
[2022-11-30T04:21:40.666+0000] {task_command.py:376} INFO - Running <TaskInstance: s3_dag.process manual__2022-11-30T04:21:37.709720+00:00 [running]> on host 91fea7f3144e
[2022-11-30T04:21:40.716+0000] {s3.py:893} INFO - Downloading source S3 file from Bucket hien-***-xcoms with path data_178dc992-36bd-495c-b6c6-fd11be049207
[2022-11-30T04:21:40.718+0000] {crypto.py:84} WARNING - empty cryptography key - values will not be stored encrypted.
[2022-11-30T04:21:40.718+0000] {base.py:71} INFO - Using connection ID 'aws_default' for task execution.
[2022-11-30T04:21:40.719+0000] {warnings.py:110} WARNING - /home/***/.local/lib/python3.7/site-packages/***/providers/amazon/aws/utils/connection_wrapper.py:8: DeprecationWarning: Use local credentials file is never documented and well tested. Obtain credentials by this way deprecated and will be removed in a future releases.
  #

[2022-11-30T04:21:40.720+0000] {connection_wrapper.py:317} INFO - AWS Connection (conn_id='aws_default', conn_type='aws') credentials retrieved from extra['s3_config_file']
[2022-11-30T04:21:41.504+0000] {taskinstance.py:1592} INFO - Exporting the following env vars:
AIRFLOW_CTX_DAG_OWNER=***
AIRFLOW_CTX_DAG_ID=s3_dag
AIRFLOW_CTX_TASK_ID=process
AIRFLOW_CTX_EXECUTION_DATE=2022-11-30T04:21:37.709720+00:00
AIRFLOW_CTX_TRY_NUMBER=1
AIRFLOW_CTX_DAG_RUN_ID=manual__2022-11-30T04:21:37.709720+00:00
[2022-11-30T04:21:41.510+0000] {logging_mixin.py:137} INFO - Processing:    Unnamed: 0 Firstnames Lastnames
0           0      James      Wick
1           1    Corolla      Leto
2           2       Mark     Smith
3           3       Eddy     Etwan
[2022-11-30T04:21:41.510+0000] {python.py:177} INFO - Done. Returned value was: None
[2022-11-30T04:21:41.519+0000] {taskinstance.py:1406} INFO - Marking task as SUCCESS. dag_id=s3_dag, task_id=process, execution_date=20221130T042137, start_date=20221130T042140, end_date=20221130T042141
[2022-11-30T04:21:41.566+0000] {local_task_job.py:159} INFO - Task exited with return code 0
[2022-11-30T04:21:41.584+0000] {taskinstance.py:2623} INFO - 0 downstream tasks scheduled from follow-on schedule check
