[2022-11-29T07:40:15.094+0000] {taskinstance.py:1165} INFO - Dependencies all met for <TaskInstance: s3_dag.process scheduled__2022-11-29T07:39:00+00:00 [queued]>
[2022-11-29T07:40:15.104+0000] {taskinstance.py:1165} INFO - Dependencies all met for <TaskInstance: s3_dag.process scheduled__2022-11-29T07:39:00+00:00 [queued]>
[2022-11-29T07:40:15.104+0000] {taskinstance.py:1362} INFO - 
--------------------------------------------------------------------------------
[2022-11-29T07:40:15.104+0000] {taskinstance.py:1363} INFO - Starting attempt 1 of 1
[2022-11-29T07:40:15.104+0000] {taskinstance.py:1364} INFO - 
--------------------------------------------------------------------------------
[2022-11-29T07:40:15.121+0000] {taskinstance.py:1383} INFO - Executing <Task(_PythonDecoratedOperator): process> on 2022-11-29 07:39:00+00:00
[2022-11-29T07:40:15.128+0000] {standard_task_runner.py:55} INFO - Started process 62 to run task
[2022-11-29T07:40:15.130+0000] {standard_task_runner.py:82} INFO - Running: ['***', 'tasks', 'run', 's3_dag', 'process', 'scheduled__2022-11-29T07:39:00+00:00', '--job-id', '272', '--raw', '--subdir', 'DAGS_FOLDER/s3_dag.py', '--cfg-path', '/tmp/tmp8ljlumnt']
[2022-11-29T07:40:15.130+0000] {standard_task_runner.py:83} INFO - Job 272: Subtask process
[2022-11-29T07:40:15.185+0000] {task_command.py:376} INFO - Running <TaskInstance: s3_dag.process scheduled__2022-11-29T07:39:00+00:00 [running]> on host d8a43e064f71
[2022-11-29T07:40:15.227+0000] {s3.py:893} INFO - Downloading source S3 file from Bucket hien-***-xcoms with path data_ccc5bed5-b811-4caa-abc5-9880cf5e4ea8
[2022-11-29T07:40:15.228+0000] {crypto.py:84} WARNING - empty cryptography key - values will not be stored encrypted.
[2022-11-29T07:40:15.228+0000] {base.py:71} INFO - Using connection ID 'aws_default' for task execution.
[2022-11-29T07:40:15.229+0000] {warnings.py:110} WARNING - /home/***/.local/lib/python3.7/site-packages/***/providers/amazon/aws/utils/connection_wrapper.py:8: DeprecationWarning: Use local credentials file is never documented and well tested. Obtain credentials by this way deprecated and will be removed in a future releases.
  #

[2022-11-29T07:40:15.230+0000] {connection_wrapper.py:317} INFO - AWS Connection (conn_id='aws_default', conn_type='aws') credentials retrieved from extra['s3_config_file']
[2022-11-29T07:40:15.946+0000] {taskinstance.py:1592} INFO - Exporting the following env vars:
AIRFLOW_CTX_DAG_OWNER=***
AIRFLOW_CTX_DAG_ID=s3_dag
AIRFLOW_CTX_TASK_ID=process
AIRFLOW_CTX_EXECUTION_DATE=2022-11-29T07:39:00+00:00
AIRFLOW_CTX_TRY_NUMBER=1
AIRFLOW_CTX_DAG_RUN_ID=scheduled__2022-11-29T07:39:00+00:00
[2022-11-29T07:40:15.951+0000] {logging_mixin.py:137} INFO - Processing:    Unnamed: 0 Firstnames Lastnames
0           0      James      Wick
1           1    Corolla      Leto
2           2       Mark     Smith
3           3       Eddy     Etwan
[2022-11-29T07:40:15.951+0000] {python.py:177} INFO - Done. Returned value was: None
[2022-11-29T07:40:15.960+0000] {taskinstance.py:1406} INFO - Marking task as SUCCESS. dag_id=s3_dag, task_id=process, execution_date=20221129T073900, start_date=20221129T074015, end_date=20221129T074015
[2022-11-29T07:40:16.023+0000] {local_task_job.py:159} INFO - Task exited with return code 0
[2022-11-29T07:40:16.038+0000] {taskinstance.py:2623} INFO - 0 downstream tasks scheduled from follow-on schedule check
