[2022-11-29T07:39:39.826+0000] {taskinstance.py:1165} INFO - Dependencies all met for <TaskInstance: s3_dag.extract scheduled__2022-11-29T07:38:00+00:00 [queued]>
[2022-11-29T07:39:39.833+0000] {taskinstance.py:1165} INFO - Dependencies all met for <TaskInstance: s3_dag.extract scheduled__2022-11-29T07:38:00+00:00 [queued]>
[2022-11-29T07:39:39.834+0000] {taskinstance.py:1362} INFO - 
--------------------------------------------------------------------------------
[2022-11-29T07:39:39.834+0000] {taskinstance.py:1363} INFO - Starting attempt 1 of 1
[2022-11-29T07:39:39.834+0000] {taskinstance.py:1364} INFO - 
--------------------------------------------------------------------------------
[2022-11-29T07:39:39.849+0000] {taskinstance.py:1383} INFO - Executing <Task(_PythonDecoratedOperator): extract> on 2022-11-29 07:38:00+00:00
[2022-11-29T07:39:39.856+0000] {standard_task_runner.py:55} INFO - Started process 240 to run task
[2022-11-29T07:39:39.858+0000] {standard_task_runner.py:82} INFO - Running: ['***', 'tasks', 'run', 's3_dag', 'extract', 'scheduled__2022-11-29T07:38:00+00:00', '--job-id', '258', '--raw', '--subdir', 'DAGS_FOLDER/s3_dag.py', '--cfg-path', '/tmp/tmp9zxpge9n']
[2022-11-29T07:39:39.858+0000] {standard_task_runner.py:83} INFO - Job 258: Subtask extract
[2022-11-29T07:39:39.909+0000] {task_command.py:376} INFO - Running <TaskInstance: s3_dag.extract scheduled__2022-11-29T07:38:00+00:00 [running]> on host d8a43e064f71
[2022-11-29T07:39:39.974+0000] {taskinstance.py:1592} INFO - Exporting the following env vars:
AIRFLOW_CTX_DAG_OWNER=***
AIRFLOW_CTX_DAG_ID=s3_dag
AIRFLOW_CTX_TASK_ID=extract
AIRFLOW_CTX_EXECUTION_DATE=2022-11-29T07:38:00+00:00
AIRFLOW_CTX_TRY_NUMBER=1
AIRFLOW_CTX_DAG_RUN_ID=scheduled__2022-11-29T07:38:00+00:00
[2022-11-29T07:39:39.977+0000] {python.py:177} INFO - Done. Returned value was:   Firstnames Lastnames
0      James      Wick
1    Corolla      Leto
2       Mark     Smith
3       Eddy     Etwan
[2022-11-29T07:39:39.988+0000] {warnings.py:110} WARNING - /home/***/.local/lib/python3.7/site-packages/***/models/xcom.py:653: RemovedInAirflow3Warning: Method `serialize_value` in XCom backend S3XComBackend is using outdated signature andmust be updated to accept all params in `BaseXCom.set` except `session`. Support will be removed in a future release.
  RemovedInAirflow3Warning,

[2022-11-29T07:39:39.990+0000] {crypto.py:84} WARNING - empty cryptography key - values will not be stored encrypted.
[2022-11-29T07:39:39.991+0000] {base.py:71} INFO - Using connection ID 'aws_default' for task execution.
[2022-11-29T07:39:39.992+0000] {warnings.py:110} WARNING - /home/***/.local/lib/python3.7/site-packages/***/providers/amazon/aws/utils/connection_wrapper.py:8: DeprecationWarning: Use local credentials file is never documented and well tested. Obtain credentials by this way deprecated and will be removed in a future releases.
  #

[2022-11-29T07:39:39.992+0000] {connection_wrapper.py:317} INFO - AWS Connection (conn_id='aws_default', conn_type='aws') credentials retrieved from extra['s3_config_file']
[2022-11-29T07:39:40.504+0000] {taskinstance.py:1406} INFO - Marking task as SUCCESS. dag_id=s3_dag, task_id=extract, execution_date=20221129T073800, start_date=20221129T073939, end_date=20221129T073940
[2022-11-29T07:39:40.550+0000] {local_task_job.py:159} INFO - Task exited with return code 0
[2022-11-29T07:39:40.569+0000] {taskinstance.py:2623} INFO - 1 downstream tasks scheduled from follow-on schedule check
