[2022-11-29T06:11:24.561+0000] {taskinstance.py:1165} INFO - Dependencies all met for <TaskInstance: s3_dag.process manual__2022-11-29T06:11:22.146774+00:00 [queued]>
[2022-11-29T06:11:24.572+0000] {taskinstance.py:1165} INFO - Dependencies all met for <TaskInstance: s3_dag.process manual__2022-11-29T06:11:22.146774+00:00 [queued]>
[2022-11-29T06:11:24.572+0000] {taskinstance.py:1362} INFO - 
--------------------------------------------------------------------------------
[2022-11-29T06:11:24.572+0000] {taskinstance.py:1363} INFO - Starting attempt 1 of 1
[2022-11-29T06:11:24.572+0000] {taskinstance.py:1364} INFO - 
--------------------------------------------------------------------------------
[2022-11-29T06:11:24.587+0000] {taskinstance.py:1383} INFO - Executing <Task(_PythonDecoratedOperator): process> on 2022-11-29 06:11:22.146774+00:00
[2022-11-29T06:11:24.594+0000] {standard_task_runner.py:55} INFO - Started process 3768 to run task
[2022-11-29T06:11:24.596+0000] {standard_task_runner.py:82} INFO - Running: ['***', 'tasks', 'run', 's3_dag', 'process', 'manual__2022-11-29T06:11:22.146774+00:00', '--job-id', '187', '--raw', '--subdir', 'DAGS_FOLDER/s3_dag.py', '--cfg-path', '/tmp/tmp3spuiqvu']
[2022-11-29T06:11:24.597+0000] {standard_task_runner.py:83} INFO - Job 187: Subtask process
[2022-11-29T06:11:24.639+0000] {task_command.py:376} INFO - Running <TaskInstance: s3_dag.process manual__2022-11-29T06:11:22.146774+00:00 [running]> on host a3a66c4c6c98
[2022-11-29T06:11:24.706+0000] {taskinstance.py:1592} INFO - Exporting the following env vars:
AIRFLOW_CTX_DAG_OWNER=***
AIRFLOW_CTX_DAG_ID=s3_dag
AIRFLOW_CTX_TASK_ID=process
AIRFLOW_CTX_EXECUTION_DATE=2022-11-29T06:11:22.146774+00:00
AIRFLOW_CTX_TRY_NUMBER=1
AIRFLOW_CTX_DAG_RUN_ID=manual__2022-11-29T06:11:22.146774+00:00
[2022-11-29T06:11:24.710+0000] {logging_mixin.py:137} INFO - Processing:   Firstnames Lastnames
0      James      Wick
1    Corolla      Leto
2       Mark     Smith
3       Eddy     Etwan
[2022-11-29T06:11:24.710+0000] {python.py:177} INFO - Done. Returned value was: None
[2022-11-29T06:11:24.718+0000] {taskinstance.py:1406} INFO - Marking task as SUCCESS. dag_id=s3_dag, task_id=process, execution_date=20221129T061122, start_date=20221129T061124, end_date=20221129T061124
[2022-11-29T06:11:24.767+0000] {local_task_job.py:159} INFO - Task exited with return code 0
[2022-11-29T06:11:24.785+0000] {taskinstance.py:2623} INFO - 0 downstream tasks scheduled from follow-on schedule check
