[2022-11-29T07:48:01.707+0000] {taskinstance.py:1165} INFO - Dependencies all met for <TaskInstance: s3_dag.process scheduled__2022-11-29T07:47:00+00:00 [queued]>
[2022-11-29T07:48:01.715+0000] {taskinstance.py:1165} INFO - Dependencies all met for <TaskInstance: s3_dag.process scheduled__2022-11-29T07:47:00+00:00 [queued]>
[2022-11-29T07:48:01.716+0000] {taskinstance.py:1362} INFO - 
--------------------------------------------------------------------------------
[2022-11-29T07:48:01.716+0000] {taskinstance.py:1363} INFO - Starting attempt 1 of 1
[2022-11-29T07:48:01.716+0000] {taskinstance.py:1364} INFO - 
--------------------------------------------------------------------------------
[2022-11-29T07:48:01.730+0000] {taskinstance.py:1383} INFO - Executing <Task(_PythonDecoratedOperator): process> on 2022-11-29 07:47:00+00:00
[2022-11-29T07:48:01.738+0000] {standard_task_runner.py:55} INFO - Started process 1053 to run task
[2022-11-29T07:48:01.740+0000] {standard_task_runner.py:82} INFO - Running: ['***', 'tasks', 'run', 's3_dag', 'process', 'scheduled__2022-11-29T07:47:00+00:00', '--job-id', '327', '--raw', '--subdir', 'DAGS_FOLDER/s3_dag.py', '--cfg-path', '/tmp/tmp62sztl6t']
[2022-11-29T07:48:01.741+0000] {standard_task_runner.py:83} INFO - Job 327: Subtask process
[2022-11-29T07:48:01.790+0000] {task_command.py:376} INFO - Running <TaskInstance: s3_dag.process scheduled__2022-11-29T07:47:00+00:00 [running]> on host d8a43e064f71
[2022-11-29T07:48:01.829+0000] {s3.py:893} INFO - Downloading source S3 file from Bucket hien-***-xcoms with path data_b43a5505-dbd4-4d35-a338-5749681d8d33
[2022-11-29T07:48:01.830+0000] {crypto.py:84} WARNING - empty cryptography key - values will not be stored encrypted.
[2022-11-29T07:48:01.830+0000] {base.py:71} INFO - Using connection ID 'aws_default' for task execution.
[2022-11-29T07:48:01.831+0000] {warnings.py:110} WARNING - /home/***/.local/lib/python3.7/site-packages/***/providers/amazon/aws/utils/connection_wrapper.py:8: DeprecationWarning: Use local credentials file is never documented and well tested. Obtain credentials by this way deprecated and will be removed in a future releases.
  #

[2022-11-29T07:48:01.832+0000] {connection_wrapper.py:317} INFO - AWS Connection (conn_id='aws_default', conn_type='aws') credentials retrieved from extra['s3_config_file']
[2022-11-29T07:48:02.538+0000] {taskinstance.py:1592} INFO - Exporting the following env vars:
AIRFLOW_CTX_DAG_OWNER=***
AIRFLOW_CTX_DAG_ID=s3_dag
AIRFLOW_CTX_TASK_ID=process
AIRFLOW_CTX_EXECUTION_DATE=2022-11-29T07:47:00+00:00
AIRFLOW_CTX_TRY_NUMBER=1
AIRFLOW_CTX_DAG_RUN_ID=scheduled__2022-11-29T07:47:00+00:00
[2022-11-29T07:48:02.544+0000] {logging_mixin.py:137} INFO - Processing:    Unnamed: 0 Firstnames Lastnames
0           0      James      Wick
1           1    Corolla      Leto
2           2       Mark     Smith
3           3       Eddy     Etwan
[2022-11-29T07:48:02.544+0000] {python.py:177} INFO - Done. Returned value was: None
[2022-11-29T07:48:02.554+0000] {taskinstance.py:1406} INFO - Marking task as SUCCESS. dag_id=s3_dag, task_id=process, execution_date=20221129T074700, start_date=20221129T074801, end_date=20221129T074802
[2022-11-29T07:48:02.594+0000] {local_task_job.py:159} INFO - Task exited with return code 0
[2022-11-29T07:48:02.622+0000] {taskinstance.py:2623} INFO - 0 downstream tasks scheduled from follow-on schedule check
