[2022-11-29T07:47:01.002+0000] {taskinstance.py:1165} INFO - Dependencies all met for <TaskInstance: my_dag.training_model_B scheduled__2022-11-29T07:46:00+00:00 [queued]>
[2022-11-29T07:47:01.011+0000] {taskinstance.py:1165} INFO - Dependencies all met for <TaskInstance: my_dag.training_model_B scheduled__2022-11-29T07:46:00+00:00 [queued]>
[2022-11-29T07:47:01.011+0000] {taskinstance.py:1362} INFO - 
--------------------------------------------------------------------------------
[2022-11-29T07:47:01.011+0000] {taskinstance.py:1363} INFO - Starting attempt 1 of 1
[2022-11-29T07:47:01.011+0000] {taskinstance.py:1364} INFO - 
--------------------------------------------------------------------------------
[2022-11-29T07:47:01.027+0000] {taskinstance.py:1383} INFO - Executing <Task(PythonOperator): training_model_B> on 2022-11-29 07:46:00+00:00
[2022-11-29T07:47:01.034+0000] {standard_task_runner.py:55} INFO - Started process 921 to run task
[2022-11-29T07:47:01.036+0000] {standard_task_runner.py:82} INFO - Running: ['***', 'tasks', 'run', 'my_dag', 'training_model_B', 'scheduled__2022-11-29T07:46:00+00:00', '--job-id', '316', '--raw', '--subdir', 'DAGS_FOLDER/my_dag.py', '--cfg-path', '/tmp/tmpl6inmx_r']
[2022-11-29T07:47:01.037+0000] {standard_task_runner.py:83} INFO - Job 316: Subtask training_model_B
[2022-11-29T07:47:01.089+0000] {task_command.py:376} INFO - Running <TaskInstance: my_dag.training_model_B scheduled__2022-11-29T07:46:00+00:00 [running]> on host d8a43e064f71
[2022-11-29T07:47:01.163+0000] {taskinstance.py:1592} INFO - Exporting the following env vars:
AIRFLOW_CTX_DAG_OWNER=***
AIRFLOW_CTX_DAG_ID=my_dag
AIRFLOW_CTX_TASK_ID=training_model_B
AIRFLOW_CTX_EXECUTION_DATE=2022-11-29T07:46:00+00:00
AIRFLOW_CTX_TRY_NUMBER=1
AIRFLOW_CTX_DAG_RUN_ID=scheduled__2022-11-29T07:46:00+00:00
[2022-11-29T07:47:01.164+0000] {python.py:177} INFO - Done. Returned value was: 4
[2022-11-29T07:47:01.170+0000] {warnings.py:110} WARNING - /home/***/.local/lib/python3.7/site-packages/***/models/xcom.py:653: RemovedInAirflow3Warning: Method `serialize_value` in XCom backend S3XComBackend is using outdated signature andmust be updated to accept all params in `BaseXCom.set` except `session`. Support will be removed in a future release.
  RemovedInAirflow3Warning,

[2022-11-29T07:47:01.187+0000] {taskinstance.py:1406} INFO - Marking task as SUCCESS. dag_id=my_dag, task_id=training_model_B, execution_date=20221129T074600, start_date=20221129T074701, end_date=20221129T074701
[2022-11-29T07:47:01.248+0000] {local_task_job.py:159} INFO - Task exited with return code 0
[2022-11-29T07:47:01.269+0000] {taskinstance.py:2623} INFO - 1 downstream tasks scheduled from follow-on schedule check
