[2022-11-29T07:48:02.911+0000] {taskinstance.py:1165} INFO - Dependencies all met for <TaskInstance: my_dag.accurate scheduled__2022-11-29T07:47:00+00:00 [queued]>
[2022-11-29T07:48:02.922+0000] {taskinstance.py:1165} INFO - Dependencies all met for <TaskInstance: my_dag.accurate scheduled__2022-11-29T07:47:00+00:00 [queued]>
[2022-11-29T07:48:02.922+0000] {taskinstance.py:1362} INFO - 
--------------------------------------------------------------------------------
[2022-11-29T07:48:02.922+0000] {taskinstance.py:1363} INFO - Starting attempt 1 of 1
[2022-11-29T07:48:02.922+0000] {taskinstance.py:1364} INFO - 
--------------------------------------------------------------------------------
[2022-11-29T07:48:02.939+0000] {taskinstance.py:1383} INFO - Executing <Task(BashOperator): accurate> on 2022-11-29 07:47:00+00:00
[2022-11-29T07:48:02.946+0000] {standard_task_runner.py:55} INFO - Started process 1058 to run task
[2022-11-29T07:48:02.947+0000] {standard_task_runner.py:82} INFO - Running: ['***', 'tasks', 'run', 'my_dag', 'accurate', 'scheduled__2022-11-29T07:47:00+00:00', '--job-id', '329', '--raw', '--subdir', 'DAGS_FOLDER/my_dag.py', '--cfg-path', '/tmp/tmp9b3lmyrr']
[2022-11-29T07:48:02.948+0000] {standard_task_runner.py:83} INFO - Job 329: Subtask accurate
[2022-11-29T07:48:02.993+0000] {task_command.py:376} INFO - Running <TaskInstance: my_dag.accurate scheduled__2022-11-29T07:47:00+00:00 [running]> on host d8a43e064f71
[2022-11-29T07:48:03.052+0000] {taskinstance.py:1592} INFO - Exporting the following env vars:
AIRFLOW_CTX_DAG_OWNER=***
AIRFLOW_CTX_DAG_ID=my_dag
AIRFLOW_CTX_TASK_ID=accurate
AIRFLOW_CTX_EXECUTION_DATE=2022-11-29T07:47:00+00:00
AIRFLOW_CTX_TRY_NUMBER=1
AIRFLOW_CTX_DAG_RUN_ID=scheduled__2022-11-29T07:47:00+00:00
[2022-11-29T07:48:03.053+0000] {subprocess.py:63} INFO - Tmp dir root location: 
 /tmp
[2022-11-29T07:48:03.053+0000] {subprocess.py:75} INFO - Running command: ['/bin/bash', '-c', "echo 'accurate'"]
[2022-11-29T07:48:03.066+0000] {subprocess.py:86} INFO - Output:
[2022-11-29T07:48:03.067+0000] {subprocess.py:93} INFO - accurate
[2022-11-29T07:48:03.068+0000] {subprocess.py:97} INFO - Command exited with return code 0
[2022-11-29T07:48:03.074+0000] {warnings.py:110} WARNING - /home/***/.local/lib/python3.7/site-packages/***/models/xcom.py:653: RemovedInAirflow3Warning: Method `serialize_value` in XCom backend S3XComBackend is using outdated signature andmust be updated to accept all params in `BaseXCom.set` except `session`. Support will be removed in a future release.
  RemovedInAirflow3Warning,

[2022-11-29T07:48:03.089+0000] {taskinstance.py:1406} INFO - Marking task as SUCCESS. dag_id=my_dag, task_id=accurate, execution_date=20221129T074700, start_date=20221129T074802, end_date=20221129T074803
[2022-11-29T07:48:03.119+0000] {local_task_job.py:159} INFO - Task exited with return code 0
[2022-11-29T07:48:03.135+0000] {taskinstance.py:2623} INFO - 0 downstream tasks scheduled from follow-on schedule check
