[2022-11-29T06:23:29.819+0000] {taskinstance.py:1165} INFO - Dependencies all met for <TaskInstance: my_dag.extract scheduled__2022-11-28T00:00:00+00:00 [queued]>
[2022-11-29T06:23:29.826+0000] {taskinstance.py:1165} INFO - Dependencies all met for <TaskInstance: my_dag.extract scheduled__2022-11-28T00:00:00+00:00 [queued]>
[2022-11-29T06:23:29.826+0000] {taskinstance.py:1362} INFO - 
--------------------------------------------------------------------------------
[2022-11-29T06:23:29.826+0000] {taskinstance.py:1363} INFO - Starting attempt 1 of 1
[2022-11-29T06:23:29.826+0000] {taskinstance.py:1364} INFO - 
--------------------------------------------------------------------------------
[2022-11-29T06:23:29.839+0000] {taskinstance.py:1383} INFO - Executing <Task(_PythonDecoratedOperator): extract> on 2022-11-28 00:00:00+00:00
[2022-11-29T06:23:29.846+0000] {standard_task_runner.py:55} INFO - Started process 326 to run task
[2022-11-29T06:23:29.848+0000] {standard_task_runner.py:82} INFO - Running: ['***', 'tasks', 'run', 'my_dag', 'extract', 'scheduled__2022-11-28T00:00:00+00:00', '--job-id', '208', '--raw', '--subdir', 'DAGS_FOLDER/s3_dag.py', '--cfg-path', '/tmp/tmprn5ww_oo']
[2022-11-29T06:23:29.849+0000] {standard_task_runner.py:83} INFO - Job 208: Subtask extract
[2022-11-29T06:23:29.894+0000] {task_command.py:376} INFO - Running <TaskInstance: my_dag.extract scheduled__2022-11-28T00:00:00+00:00 [running]> on host a3a66c4c6c98
[2022-11-29T06:23:29.947+0000] {taskinstance.py:1592} INFO - Exporting the following env vars:
AIRFLOW_CTX_DAG_OWNER=***
AIRFLOW_CTX_DAG_ID=my_dag
AIRFLOW_CTX_TASK_ID=extract
AIRFLOW_CTX_EXECUTION_DATE=2022-11-28T00:00:00+00:00
AIRFLOW_CTX_TRY_NUMBER=1
AIRFLOW_CTX_DAG_RUN_ID=scheduled__2022-11-28T00:00:00+00:00
[2022-11-29T06:23:29.949+0000] {python.py:177} INFO - Done. Returned value was:   Firstnames Lastnames
0      James      Wick
1    Corolla      Leto
2       Mark     Smith
3       Eddy     Etwan
[2022-11-29T06:23:29.972+0000] {taskinstance.py:1406} INFO - Marking task as SUCCESS. dag_id=my_dag, task_id=extract, execution_date=20221128T000000, start_date=20221129T062329, end_date=20221129T062329
[2022-11-29T06:23:30.019+0000] {local_task_job.py:159} INFO - Task exited with return code 0
[2022-11-29T06:23:30.042+0000] {taskinstance.py:2623} INFO - 1 downstream tasks scheduled from follow-on schedule check
