[2022-11-29T04:55:57.696+0000] {taskinstance.py:1165} INFO - Dependencies all met for <TaskInstance: s3_dag.process scheduled__2022-11-28T00:00:00+00:00 [queued]>
[2022-11-29T04:55:57.703+0000] {taskinstance.py:1165} INFO - Dependencies all met for <TaskInstance: s3_dag.process scheduled__2022-11-28T00:00:00+00:00 [queued]>
[2022-11-29T04:55:57.703+0000] {taskinstance.py:1362} INFO - 
--------------------------------------------------------------------------------
[2022-11-29T04:55:57.703+0000] {taskinstance.py:1363} INFO - Starting attempt 1 of 1
[2022-11-29T04:55:57.703+0000] {taskinstance.py:1364} INFO - 
--------------------------------------------------------------------------------
[2022-11-29T04:55:57.716+0000] {taskinstance.py:1383} INFO - Executing <Task(_PythonDecoratedOperator): process> on 2022-11-28 00:00:00+00:00
[2022-11-29T04:55:57.722+0000] {standard_task_runner.py:55} INFO - Started process 98 to run task
[2022-11-29T04:55:57.724+0000] {standard_task_runner.py:82} INFO - Running: ['***', 'tasks', 'run', 's3_dag', 'process', 'scheduled__2022-11-28T00:00:00+00:00', '--job-id', '181', '--raw', '--subdir', 'DAGS_FOLDER/s3_dag.py', '--cfg-path', '/tmp/tmpligpuvvc']
[2022-11-29T04:55:57.725+0000] {standard_task_runner.py:83} INFO - Job 181: Subtask process
[2022-11-29T04:55:57.779+0000] {task_command.py:376} INFO - Running <TaskInstance: s3_dag.process scheduled__2022-11-28T00:00:00+00:00 [running]> on host a3a66c4c6c98
[2022-11-29T04:55:57.860+0000] {taskinstance.py:1592} INFO - Exporting the following env vars:
AIRFLOW_CTX_DAG_OWNER=***
AIRFLOW_CTX_DAG_ID=s3_dag
AIRFLOW_CTX_TASK_ID=process
AIRFLOW_CTX_EXECUTION_DATE=2022-11-28T00:00:00+00:00
AIRFLOW_CTX_TRY_NUMBER=1
AIRFLOW_CTX_DAG_RUN_ID=scheduled__2022-11-28T00:00:00+00:00
[2022-11-29T04:55:57.864+0000] {logging_mixin.py:137} INFO - Processing:   Firstnames Lastnames
0      James      Wick
1    Corolla      Leto
2       Mark     Smith
3       Eddy     Etwan
[2022-11-29T04:55:57.865+0000] {python.py:177} INFO - Done. Returned value was: None
[2022-11-29T04:55:57.874+0000] {taskinstance.py:1406} INFO - Marking task as SUCCESS. dag_id=s3_dag, task_id=process, execution_date=20221128T000000, start_date=20221129T045557, end_date=20221129T045557
[2022-11-29T04:55:57.895+0000] {local_task_job.py:159} INFO - Task exited with return code 0
[2022-11-29T04:55:57.910+0000] {taskinstance.py:2623} INFO - 0 downstream tasks scheduled from follow-on schedule check
[2022-11-29T06:12:12.143+0000] {taskinstance.py:1165} INFO - Dependencies all met for <TaskInstance: s3_dag.process scheduled__2022-11-28T00:00:00+00:00 [queued]>
[2022-11-29T06:12:12.151+0000] {taskinstance.py:1165} INFO - Dependencies all met for <TaskInstance: s3_dag.process scheduled__2022-11-28T00:00:00+00:00 [queued]>
[2022-11-29T06:12:12.151+0000] {taskinstance.py:1362} INFO - 
--------------------------------------------------------------------------------
[2022-11-29T06:12:12.151+0000] {taskinstance.py:1363} INFO - Starting attempt 1 of 1
[2022-11-29T06:12:12.151+0000] {taskinstance.py:1364} INFO - 
--------------------------------------------------------------------------------
[2022-11-29T06:12:12.164+0000] {taskinstance.py:1383} INFO - Executing <Task(_PythonDecoratedOperator): process> on 2022-11-28 00:00:00+00:00
[2022-11-29T06:12:12.170+0000] {standard_task_runner.py:55} INFO - Started process 3825 to run task
[2022-11-29T06:12:12.172+0000] {standard_task_runner.py:82} INFO - Running: ['***', 'tasks', 'run', 's3_dag', 'process', 'scheduled__2022-11-28T00:00:00+00:00', '--job-id', '191', '--raw', '--subdir', 'DAGS_FOLDER/s3_dag.py', '--cfg-path', '/tmp/tmpqh18l9hm']
[2022-11-29T06:12:12.173+0000] {standard_task_runner.py:83} INFO - Job 191: Subtask process
[2022-11-29T06:12:12.214+0000] {task_command.py:376} INFO - Running <TaskInstance: s3_dag.process scheduled__2022-11-28T00:00:00+00:00 [running]> on host a3a66c4c6c98
[2022-11-29T06:12:12.281+0000] {taskinstance.py:1592} INFO - Exporting the following env vars:
AIRFLOW_CTX_DAG_OWNER=***
AIRFLOW_CTX_DAG_ID=s3_dag
AIRFLOW_CTX_TASK_ID=process
AIRFLOW_CTX_EXECUTION_DATE=2022-11-28T00:00:00+00:00
AIRFLOW_CTX_TRY_NUMBER=1
AIRFLOW_CTX_DAG_RUN_ID=scheduled__2022-11-28T00:00:00+00:00
[2022-11-29T06:12:12.285+0000] {logging_mixin.py:137} INFO - Processing:   Firstnames Lastnames
0      James      Wick
1    Corolla      Leto
2       Mark     Smith
3       Eddy     Etwan
[2022-11-29T06:12:12.285+0000] {python.py:177} INFO - Done. Returned value was: None
[2022-11-29T06:12:12.292+0000] {taskinstance.py:1406} INFO - Marking task as SUCCESS. dag_id=s3_dag, task_id=process, execution_date=20221128T000000, start_date=20221129T061212, end_date=20221129T061212
[2022-11-29T06:12:12.344+0000] {local_task_job.py:159} INFO - Task exited with return code 0
[2022-11-29T06:12:12.356+0000] {taskinstance.py:2623} INFO - 0 downstream tasks scheduled from follow-on schedule check
[2022-11-29T06:20:12.104+0000] {taskinstance.py:1165} INFO - Dependencies all met for <TaskInstance: s3_dag.process scheduled__2022-11-28T00:00:00+00:00 [queued]>
[2022-11-29T06:20:12.112+0000] {taskinstance.py:1165} INFO - Dependencies all met for <TaskInstance: s3_dag.process scheduled__2022-11-28T00:00:00+00:00 [queued]>
[2022-11-29T06:20:12.112+0000] {taskinstance.py:1362} INFO - 
--------------------------------------------------------------------------------
[2022-11-29T06:20:12.113+0000] {taskinstance.py:1363} INFO - Starting attempt 1 of 1
[2022-11-29T06:20:12.113+0000] {taskinstance.py:1364} INFO - 
--------------------------------------------------------------------------------
[2022-11-29T06:20:12.125+0000] {taskinstance.py:1383} INFO - Executing <Task(_PythonDecoratedOperator): process> on 2022-11-28 00:00:00+00:00
[2022-11-29T06:20:12.133+0000] {standard_task_runner.py:55} INFO - Started process 142 to run task
[2022-11-29T06:20:12.135+0000] {standard_task_runner.py:82} INFO - Running: ['***', 'tasks', 'run', 's3_dag', 'process', 'scheduled__2022-11-28T00:00:00+00:00', '--job-id', '201', '--raw', '--subdir', 'DAGS_FOLDER/s3_dag.py', '--cfg-path', '/tmp/tmpxfi1chcw']
[2022-11-29T06:20:12.136+0000] {standard_task_runner.py:83} INFO - Job 201: Subtask process
[2022-11-29T06:20:12.190+0000] {task_command.py:376} INFO - Running <TaskInstance: s3_dag.process scheduled__2022-11-28T00:00:00+00:00 [running]> on host a3a66c4c6c98
[2022-11-29T06:20:12.271+0000] {taskinstance.py:1592} INFO - Exporting the following env vars:
AIRFLOW_CTX_DAG_OWNER=***
AIRFLOW_CTX_DAG_ID=s3_dag
AIRFLOW_CTX_TASK_ID=process
AIRFLOW_CTX_EXECUTION_DATE=2022-11-28T00:00:00+00:00
AIRFLOW_CTX_TRY_NUMBER=1
AIRFLOW_CTX_DAG_RUN_ID=scheduled__2022-11-28T00:00:00+00:00
[2022-11-29T06:20:12.275+0000] {logging_mixin.py:137} INFO - Processing:   Firstnames Lastnames
0      James      Wick
1    Corolla      Leto
2       Mark     Smith
3       Eddy     Etwan
[2022-11-29T06:20:12.275+0000] {python.py:177} INFO - Done. Returned value was: None
[2022-11-29T06:20:12.285+0000] {taskinstance.py:1406} INFO - Marking task as SUCCESS. dag_id=s3_dag, task_id=process, execution_date=20221128T000000, start_date=20221129T062012, end_date=20221129T062012
[2022-11-29T06:20:12.306+0000] {local_task_job.py:159} INFO - Task exited with return code 0
[2022-11-29T06:20:12.320+0000] {taskinstance.py:2623} INFO - 0 downstream tasks scheduled from follow-on schedule check
[2022-11-29T06:20:42.373+0000] {taskinstance.py:1165} INFO - Dependencies all met for <TaskInstance: s3_dag.process scheduled__2022-11-28T00:00:00+00:00 [queued]>
[2022-11-29T06:20:42.382+0000] {taskinstance.py:1165} INFO - Dependencies all met for <TaskInstance: s3_dag.process scheduled__2022-11-28T00:00:00+00:00 [queued]>
[2022-11-29T06:20:42.382+0000] {taskinstance.py:1362} INFO - 
--------------------------------------------------------------------------------
[2022-11-29T06:20:42.382+0000] {taskinstance.py:1363} INFO - Starting attempt 1 of 1
[2022-11-29T06:20:42.382+0000] {taskinstance.py:1364} INFO - 
--------------------------------------------------------------------------------
[2022-11-29T06:20:42.394+0000] {taskinstance.py:1383} INFO - Executing <Task(_PythonDecoratedOperator): process> on 2022-11-28 00:00:00+00:00
[2022-11-29T06:20:42.402+0000] {standard_task_runner.py:55} INFO - Started process 175 to run task
[2022-11-29T06:20:42.404+0000] {standard_task_runner.py:82} INFO - Running: ['***', 'tasks', 'run', 's3_dag', 'process', 'scheduled__2022-11-28T00:00:00+00:00', '--job-id', '203', '--raw', '--subdir', 'DAGS_FOLDER/s3_dag.py', '--cfg-path', '/tmp/tmp_vohoykl']
[2022-11-29T06:20:42.405+0000] {standard_task_runner.py:83} INFO - Job 203: Subtask process
[2022-11-29T06:20:42.449+0000] {task_command.py:376} INFO - Running <TaskInstance: s3_dag.process scheduled__2022-11-28T00:00:00+00:00 [running]> on host a3a66c4c6c98
[2022-11-29T06:20:42.514+0000] {taskinstance.py:1592} INFO - Exporting the following env vars:
AIRFLOW_CTX_DAG_OWNER=***
AIRFLOW_CTX_DAG_ID=s3_dag
AIRFLOW_CTX_TASK_ID=process
AIRFLOW_CTX_EXECUTION_DATE=2022-11-28T00:00:00+00:00
AIRFLOW_CTX_TRY_NUMBER=1
AIRFLOW_CTX_DAG_RUN_ID=scheduled__2022-11-28T00:00:00+00:00
[2022-11-29T06:20:42.518+0000] {logging_mixin.py:137} INFO - Processing:   Firstnames Lastnames
0      James      Wick
1    Corolla      Leto
2       Mark     Smith
3       Eddy     Etwan
[2022-11-29T06:20:42.518+0000] {python.py:177} INFO - Done. Returned value was: None
[2022-11-29T06:20:42.525+0000] {taskinstance.py:1406} INFO - Marking task as SUCCESS. dag_id=s3_dag, task_id=process, execution_date=20221128T000000, start_date=20221129T062042, end_date=20221129T062042
[2022-11-29T06:20:42.575+0000] {local_task_job.py:159} INFO - Task exited with return code 0
[2022-11-29T06:20:42.588+0000] {taskinstance.py:2623} INFO - 0 downstream tasks scheduled from follow-on schedule check
[2022-11-29T06:21:12.686+0000] {taskinstance.py:1165} INFO - Dependencies all met for <TaskInstance: s3_dag.process scheduled__2022-11-28T00:00:00+00:00 [queued]>
[2022-11-29T06:21:12.694+0000] {taskinstance.py:1165} INFO - Dependencies all met for <TaskInstance: s3_dag.process scheduled__2022-11-28T00:00:00+00:00 [queued]>
[2022-11-29T06:21:12.694+0000] {taskinstance.py:1362} INFO - 
--------------------------------------------------------------------------------
[2022-11-29T06:21:12.694+0000] {taskinstance.py:1363} INFO - Starting attempt 1 of 1
[2022-11-29T06:21:12.694+0000] {taskinstance.py:1364} INFO - 
--------------------------------------------------------------------------------
[2022-11-29T06:21:12.707+0000] {taskinstance.py:1383} INFO - Executing <Task(_PythonDecoratedOperator): process> on 2022-11-28 00:00:00+00:00
[2022-11-29T06:21:12.713+0000] {standard_task_runner.py:55} INFO - Started process 214 to run task
[2022-11-29T06:21:12.716+0000] {standard_task_runner.py:82} INFO - Running: ['***', 'tasks', 'run', 's3_dag', 'process', 'scheduled__2022-11-28T00:00:00+00:00', '--job-id', '207', '--raw', '--subdir', 'DAGS_FOLDER/s3_dag.py', '--cfg-path', '/tmp/tmpjoe7w5zi']
[2022-11-29T06:21:12.717+0000] {standard_task_runner.py:83} INFO - Job 207: Subtask process
[2022-11-29T06:21:12.758+0000] {task_command.py:376} INFO - Running <TaskInstance: s3_dag.process scheduled__2022-11-28T00:00:00+00:00 [running]> on host a3a66c4c6c98
[2022-11-29T06:21:12.822+0000] {taskinstance.py:1592} INFO - Exporting the following env vars:
AIRFLOW_CTX_DAG_OWNER=***
AIRFLOW_CTX_DAG_ID=s3_dag
AIRFLOW_CTX_TASK_ID=process
AIRFLOW_CTX_EXECUTION_DATE=2022-11-28T00:00:00+00:00
AIRFLOW_CTX_TRY_NUMBER=1
AIRFLOW_CTX_DAG_RUN_ID=scheduled__2022-11-28T00:00:00+00:00
[2022-11-29T06:21:12.826+0000] {logging_mixin.py:137} INFO - Processing:   Firstnames Lastnames
0      James      Wick
1    Corolla      Leto
2       Mark     Smith
3       Eddy     Etwan
[2022-11-29T06:21:12.826+0000] {python.py:177} INFO - Done. Returned value was: None
[2022-11-29T06:21:12.833+0000] {taskinstance.py:1406} INFO - Marking task as SUCCESS. dag_id=s3_dag, task_id=process, execution_date=20221128T000000, start_date=20221129T062112, end_date=20221129T062112
[2022-11-29T06:21:12.887+0000] {local_task_job.py:159} INFO - Task exited with return code 0
[2022-11-29T06:21:12.904+0000] {taskinstance.py:2623} INFO - 0 downstream tasks scheduled from follow-on schedule check
[2022-11-29T06:37:40.186+0000] {taskinstance.py:1165} INFO - Dependencies all met for <TaskInstance: s3_dag.process scheduled__2022-11-28T00:00:00+00:00 [queued]>
[2022-11-29T06:37:40.194+0000] {taskinstance.py:1165} INFO - Dependencies all met for <TaskInstance: s3_dag.process scheduled__2022-11-28T00:00:00+00:00 [queued]>
[2022-11-29T06:37:40.194+0000] {taskinstance.py:1362} INFO - 
--------------------------------------------------------------------------------
[2022-11-29T06:37:40.194+0000] {taskinstance.py:1363} INFO - Starting attempt 1 of 1
[2022-11-29T06:37:40.194+0000] {taskinstance.py:1364} INFO - 
--------------------------------------------------------------------------------
[2022-11-29T06:37:40.207+0000] {taskinstance.py:1383} INFO - Executing <Task(_PythonDecoratedOperator): process> on 2022-11-28 00:00:00+00:00
[2022-11-29T06:37:40.215+0000] {standard_task_runner.py:55} INFO - Started process 312 to run task
[2022-11-29T06:37:40.216+0000] {standard_task_runner.py:82} INFO - Running: ['***', 'tasks', 'run', 's3_dag', 'process', 'scheduled__2022-11-28T00:00:00+00:00', '--job-id', '222', '--raw', '--subdir', 'DAGS_FOLDER/s3_dag.py', '--cfg-path', '/tmp/tmppnisk1n7']
[2022-11-29T06:37:40.217+0000] {standard_task_runner.py:83} INFO - Job 222: Subtask process
[2022-11-29T06:37:40.258+0000] {task_command.py:376} INFO - Running <TaskInstance: s3_dag.process scheduled__2022-11-28T00:00:00+00:00 [running]> on host d8a43e064f71
[2022-11-29T06:37:40.293+0000] {s3.py:893} INFO - Downloading source S3 file from Bucket hien-***-xcoms with path data_316cf581-d644-4ae3-88b5-db8ed3792b2c
[2022-11-29T06:37:40.294+0000] {crypto.py:84} WARNING - empty cryptography key - values will not be stored encrypted.
[2022-11-29T06:37:40.294+0000] {base.py:71} INFO - Using connection ID 'aws_default' for task execution.
[2022-11-29T06:37:40.295+0000] {warnings.py:110} WARNING - /home/***/.local/lib/python3.7/site-packages/***/providers/amazon/aws/utils/connection_wrapper.py:8: DeprecationWarning: Use local credentials file is never documented and well tested. Obtain credentials by this way deprecated and will be removed in a future releases.
  #

[2022-11-29T06:37:40.296+0000] {connection_wrapper.py:317} INFO - AWS Connection (conn_id='aws_default', conn_type='aws') credentials retrieved from extra['s3_config_file']
[2022-11-29T06:37:40.961+0000] {taskinstance.py:1592} INFO - Exporting the following env vars:
AIRFLOW_CTX_DAG_OWNER=***
AIRFLOW_CTX_DAG_ID=s3_dag
AIRFLOW_CTX_TASK_ID=process
AIRFLOW_CTX_EXECUTION_DATE=2022-11-28T00:00:00+00:00
AIRFLOW_CTX_TRY_NUMBER=1
AIRFLOW_CTX_DAG_RUN_ID=scheduled__2022-11-28T00:00:00+00:00
[2022-11-29T06:37:40.965+0000] {logging_mixin.py:137} INFO - Processing:    Unnamed: 0 Firstnames Lastnames
0           0      James      Wick
1           1    Corolla      Leto
2           2       Mark     Smith
3           3       Eddy     Etwan
[2022-11-29T06:37:40.966+0000] {python.py:177} INFO - Done. Returned value was: None
[2022-11-29T06:37:40.973+0000] {taskinstance.py:1406} INFO - Marking task as SUCCESS. dag_id=s3_dag, task_id=process, execution_date=20221128T000000, start_date=20221129T063740, end_date=20221129T063740
[2022-11-29T06:37:41.029+0000] {local_task_job.py:159} INFO - Task exited with return code 0
[2022-11-29T06:37:41.051+0000] {taskinstance.py:2623} INFO - 0 downstream tasks scheduled from follow-on schedule check
