[2022-11-29T07:45:03.101+0000] {taskinstance.py:1165} INFO - Dependencies all met for <TaskInstance: my_dag.inaccurate scheduled__2022-11-29T07:44:00+00:00 [queued]>
[2022-11-29T07:45:03.111+0000] {taskinstance.py:1165} INFO - Dependencies all met for <TaskInstance: my_dag.inaccurate scheduled__2022-11-29T07:44:00+00:00 [queued]>
[2022-11-29T07:45:03.111+0000] {taskinstance.py:1362} INFO - 
--------------------------------------------------------------------------------
[2022-11-29T07:45:03.111+0000] {taskinstance.py:1363} INFO - Starting attempt 1 of 1
[2022-11-29T07:45:03.111+0000] {taskinstance.py:1364} INFO - 
--------------------------------------------------------------------------------
[2022-11-29T07:45:03.126+0000] {taskinstance.py:1383} INFO - Executing <Task(BashOperator): inaccurate> on 2022-11-29 07:44:00+00:00
[2022-11-29T07:45:03.133+0000] {standard_task_runner.py:55} INFO - Started process 686 to run task
[2022-11-29T07:45:03.136+0000] {standard_task_runner.py:82} INFO - Running: ['***', 'tasks', 'run', 'my_dag', 'inaccurate', 'scheduled__2022-11-29T07:44:00+00:00', '--job-id', '308', '--raw', '--subdir', 'DAGS_FOLDER/my_dag.py', '--cfg-path', '/tmp/tmpilva00f2']
[2022-11-29T07:45:03.136+0000] {standard_task_runner.py:83} INFO - Job 308: Subtask inaccurate
[2022-11-29T07:45:03.192+0000] {task_command.py:376} INFO - Running <TaskInstance: my_dag.inaccurate scheduled__2022-11-29T07:44:00+00:00 [running]> on host d8a43e064f71
[2022-11-29T07:45:03.272+0000] {taskinstance.py:1592} INFO - Exporting the following env vars:
AIRFLOW_CTX_DAG_OWNER=***
AIRFLOW_CTX_DAG_ID=my_dag
AIRFLOW_CTX_TASK_ID=inaccurate
AIRFLOW_CTX_EXECUTION_DATE=2022-11-29T07:44:00+00:00
AIRFLOW_CTX_TRY_NUMBER=1
AIRFLOW_CTX_DAG_RUN_ID=scheduled__2022-11-29T07:44:00+00:00
[2022-11-29T07:45:03.273+0000] {subprocess.py:63} INFO - Tmp dir root location: 
 /tmp
[2022-11-29T07:45:03.274+0000] {subprocess.py:75} INFO - Running command: ['/bin/bash', '-c', "echo 'inaccurate'"]
[2022-11-29T07:45:03.292+0000] {subprocess.py:86} INFO - Output:
[2022-11-29T07:45:03.293+0000] {subprocess.py:93} INFO - inaccurate
[2022-11-29T07:45:03.294+0000] {subprocess.py:97} INFO - Command exited with return code 0
[2022-11-29T07:45:03.300+0000] {warnings.py:110} WARNING - /home/***/.local/lib/python3.7/site-packages/***/models/xcom.py:653: RemovedInAirflow3Warning: Method `serialize_value` in XCom backend S3XComBackend is using outdated signature andmust be updated to accept all params in `BaseXCom.set` except `session`. Support will be removed in a future release.
  RemovedInAirflow3Warning,

[2022-11-29T07:45:03.319+0000] {taskinstance.py:1406} INFO - Marking task as SUCCESS. dag_id=my_dag, task_id=inaccurate, execution_date=20221129T074400, start_date=20221129T074503, end_date=20221129T074503
[2022-11-29T07:45:03.347+0000] {local_task_job.py:159} INFO - Task exited with return code 0
[2022-11-29T07:45:03.364+0000] {taskinstance.py:2623} INFO - 0 downstream tasks scheduled from follow-on schedule check
