[2022-11-29T07:39:49.070+0000] {taskinstance.py:1165} INFO - Dependencies all met for <TaskInstance: my_dag.choose_best_model scheduled__2022-11-29T07:38:00+00:00 [queued]>
[2022-11-29T07:39:49.078+0000] {taskinstance.py:1165} INFO - Dependencies all met for <TaskInstance: my_dag.choose_best_model scheduled__2022-11-29T07:38:00+00:00 [queued]>
[2022-11-29T07:39:49.079+0000] {taskinstance.py:1362} INFO - 
--------------------------------------------------------------------------------
[2022-11-29T07:39:49.079+0000] {taskinstance.py:1363} INFO - Starting attempt 1 of 1
[2022-11-29T07:39:49.079+0000] {taskinstance.py:1364} INFO - 
--------------------------------------------------------------------------------
[2022-11-29T07:39:49.093+0000] {taskinstance.py:1383} INFO - Executing <Task(BranchPythonOperator): choose_best_model> on 2022-11-29 07:38:00+00:00
[2022-11-29T07:39:49.100+0000] {standard_task_runner.py:55} INFO - Started process 275 to run task
[2022-11-29T07:39:49.103+0000] {standard_task_runner.py:82} INFO - Running: ['***', 'tasks', 'run', 'my_dag', 'choose_best_model', 'scheduled__2022-11-29T07:38:00+00:00', '--job-id', '263', '--raw', '--subdir', 'DAGS_FOLDER/my_dag.py', '--cfg-path', '/tmp/tmpimqu7ye6']
[2022-11-29T07:39:49.103+0000] {standard_task_runner.py:83} INFO - Job 263: Subtask choose_best_model
[2022-11-29T07:39:49.161+0000] {task_command.py:376} INFO - Running <TaskInstance: my_dag.choose_best_model scheduled__2022-11-29T07:38:00+00:00 [running]> on host d8a43e064f71
[2022-11-29T07:39:49.223+0000] {taskinstance.py:1592} INFO - Exporting the following env vars:
AIRFLOW_CTX_DAG_OWNER=***
AIRFLOW_CTX_DAG_ID=my_dag
AIRFLOW_CTX_TASK_ID=choose_best_model
AIRFLOW_CTX_EXECUTION_DATE=2022-11-29T07:38:00+00:00
AIRFLOW_CTX_TRY_NUMBER=1
AIRFLOW_CTX_DAG_RUN_ID=scheduled__2022-11-29T07:38:00+00:00
[2022-11-29T07:39:49.231+0000] {python.py:177} INFO - Done. Returned value was: inaccurate
[2022-11-29T07:39:49.232+0000] {skipmixin.py:155} INFO - Following branch inaccurate
[2022-11-29T07:39:49.232+0000] {skipmixin.py:190} INFO - Skipping tasks ['accurate']
[2022-11-29T07:39:49.246+0000] {warnings.py:110} WARNING - /home/***/.local/lib/python3.7/site-packages/***/models/xcom.py:653: RemovedInAirflow3Warning: Method `serialize_value` in XCom backend S3XComBackend is using outdated signature andmust be updated to accept all params in `BaseXCom.set` except `session`. Support will be removed in a future release.
  RemovedInAirflow3Warning,

[2022-11-29T07:39:49.270+0000] {taskinstance.py:1406} INFO - Marking task as SUCCESS. dag_id=my_dag, task_id=choose_best_model, execution_date=20221129T073800, start_date=20221129T073949, end_date=20221129T073949
[2022-11-29T07:39:49.314+0000] {local_task_job.py:159} INFO - Task exited with return code 0
[2022-11-29T07:39:49.337+0000] {taskinstance.py:2623} INFO - 1 downstream tasks scheduled from follow-on schedule check
