[2022-11-29T07:23:54.912+0000] {taskinstance.py:1165} INFO - Dependencies all met for <TaskInstance: s3_dag.extract scheduled__2022-11-29T07:15:00+00:00 [queued]>
[2022-11-29T07:23:54.919+0000] {taskinstance.py:1165} INFO - Dependencies all met for <TaskInstance: s3_dag.extract scheduled__2022-11-29T07:15:00+00:00 [queued]>
[2022-11-29T07:23:54.919+0000] {taskinstance.py:1362} INFO - 
--------------------------------------------------------------------------------
[2022-11-29T07:23:54.919+0000] {taskinstance.py:1363} INFO - Starting attempt 1 of 1
[2022-11-29T07:23:54.919+0000] {taskinstance.py:1364} INFO - 
--------------------------------------------------------------------------------
[2022-11-29T07:23:54.932+0000] {taskinstance.py:1383} INFO - Executing <Task(_PythonDecoratedOperator): extract> on 2022-11-29 07:15:00+00:00
[2022-11-29T07:23:54.938+0000] {standard_task_runner.py:55} INFO - Started process 561 to run task
[2022-11-29T07:23:54.940+0000] {standard_task_runner.py:82} INFO - Running: ['***', 'tasks', 'run', 's3_dag', 'extract', 'scheduled__2022-11-29T07:15:00+00:00', '--job-id', '231', '--raw', '--subdir', 'DAGS_FOLDER/s3_dag.py', '--cfg-path', '/tmp/tmp40quybin']
[2022-11-29T07:23:54.941+0000] {standard_task_runner.py:83} INFO - Job 231: Subtask extract
[2022-11-29T07:23:54.989+0000] {task_command.py:376} INFO - Running <TaskInstance: s3_dag.extract scheduled__2022-11-29T07:15:00+00:00 [running]> on host d8a43e064f71
[2022-11-29T07:23:55.052+0000] {taskinstance.py:1592} INFO - Exporting the following env vars:
AIRFLOW_CTX_DAG_OWNER=***
AIRFLOW_CTX_DAG_ID=s3_dag
AIRFLOW_CTX_TASK_ID=extract
AIRFLOW_CTX_EXECUTION_DATE=2022-11-29T07:15:00+00:00
AIRFLOW_CTX_TRY_NUMBER=1
AIRFLOW_CTX_DAG_RUN_ID=scheduled__2022-11-29T07:15:00+00:00
[2022-11-29T07:23:55.055+0000] {python.py:177} INFO - Done. Returned value was:   Firstnames Lastnames
0      James      Wick
1    Corolla      Leto
2       Mark     Smith
3       Eddy     Etwan
[2022-11-29T07:23:55.065+0000] {warnings.py:110} WARNING - /home/***/.local/lib/python3.7/site-packages/***/models/xcom.py:653: RemovedInAirflow3Warning: Method `serialize_value` in XCom backend S3XComBackend is using outdated signature andmust be updated to accept all params in `BaseXCom.set` except `session`. Support will be removed in a future release.
  RemovedInAirflow3Warning,

[2022-11-29T07:23:55.067+0000] {crypto.py:84} WARNING - empty cryptography key - values will not be stored encrypted.
[2022-11-29T07:23:55.068+0000] {base.py:71} INFO - Using connection ID 'aws_default' for task execution.
[2022-11-29T07:23:55.068+0000] {warnings.py:110} WARNING - /home/***/.local/lib/python3.7/site-packages/***/providers/amazon/aws/utils/connection_wrapper.py:8: DeprecationWarning: Use local credentials file is never documented and well tested. Obtain credentials by this way deprecated and will be removed in a future releases.
  #

[2022-11-29T07:23:55.069+0000] {connection_wrapper.py:317} INFO - AWS Connection (conn_id='aws_default', conn_type='aws') credentials retrieved from extra['s3_config_file']
[2022-11-29T07:23:55.621+0000] {taskinstance.py:1406} INFO - Marking task as SUCCESS. dag_id=s3_dag, task_id=extract, execution_date=20221129T071500, start_date=20221129T072354, end_date=20221129T072355
[2022-11-29T07:23:55.673+0000] {local_task_job.py:159} INFO - Task exited with return code 0
[2022-11-29T07:23:55.691+0000] {taskinstance.py:2623} INFO - 1 downstream tasks scheduled from follow-on schedule check
[2022-11-29T07:31:29.102+0000] {taskinstance.py:1165} INFO - Dependencies all met for <TaskInstance: s3_dag.extract scheduled__2022-11-29T07:15:00+00:00 [queued]>
[2022-11-29T07:31:29.108+0000] {taskinstance.py:1165} INFO - Dependencies all met for <TaskInstance: s3_dag.extract scheduled__2022-11-29T07:15:00+00:00 [queued]>
[2022-11-29T07:31:29.108+0000] {taskinstance.py:1362} INFO - 
--------------------------------------------------------------------------------
[2022-11-29T07:31:29.108+0000] {taskinstance.py:1363} INFO - Starting attempt 1 of 1
[2022-11-29T07:31:29.108+0000] {taskinstance.py:1364} INFO - 
--------------------------------------------------------------------------------
[2022-11-29T07:31:29.121+0000] {taskinstance.py:1383} INFO - Executing <Task(_PythonDecoratedOperator): extract> on 2022-11-29 07:15:00+00:00
[2022-11-29T07:31:29.127+0000] {standard_task_runner.py:55} INFO - Started process 548 to run task
[2022-11-29T07:31:29.129+0000] {standard_task_runner.py:82} INFO - Running: ['***', 'tasks', 'run', 's3_dag', 'extract', 'scheduled__2022-11-29T07:15:00+00:00', '--job-id', '243', '--raw', '--subdir', 'DAGS_FOLDER/s3_dag.py', '--cfg-path', '/tmp/tmpfefdno6t']
[2022-11-29T07:31:29.129+0000] {standard_task_runner.py:83} INFO - Job 243: Subtask extract
[2022-11-29T07:31:29.169+0000] {task_command.py:376} INFO - Running <TaskInstance: s3_dag.extract scheduled__2022-11-29T07:15:00+00:00 [running]> on host d8a43e064f71
[2022-11-29T07:31:29.224+0000] {taskinstance.py:1592} INFO - Exporting the following env vars:
AIRFLOW_CTX_DAG_OWNER=***
AIRFLOW_CTX_DAG_ID=s3_dag
AIRFLOW_CTX_TASK_ID=extract
AIRFLOW_CTX_EXECUTION_DATE=2022-11-29T07:15:00+00:00
AIRFLOW_CTX_TRY_NUMBER=1
AIRFLOW_CTX_DAG_RUN_ID=scheduled__2022-11-29T07:15:00+00:00
[2022-11-29T07:31:29.227+0000] {python.py:177} INFO - Done. Returned value was:   Firstnames Lastnames
0      James      Wick
1    Corolla      Leto
2       Mark     Smith
3       Eddy     Etwan
[2022-11-29T07:31:29.239+0000] {warnings.py:110} WARNING - /home/***/.local/lib/python3.7/site-packages/***/models/xcom.py:653: RemovedInAirflow3Warning: Method `serialize_value` in XCom backend S3XComBackend is using outdated signature andmust be updated to accept all params in `BaseXCom.set` except `session`. Support will be removed in a future release.
  RemovedInAirflow3Warning,

[2022-11-29T07:31:29.241+0000] {crypto.py:84} WARNING - empty cryptography key - values will not be stored encrypted.
[2022-11-29T07:31:29.241+0000] {base.py:71} INFO - Using connection ID 'aws_default' for task execution.
[2022-11-29T07:31:29.242+0000] {warnings.py:110} WARNING - /home/***/.local/lib/python3.7/site-packages/***/providers/amazon/aws/utils/connection_wrapper.py:8: DeprecationWarning: Use local credentials file is never documented and well tested. Obtain credentials by this way deprecated and will be removed in a future releases.
  #

[2022-11-29T07:31:29.243+0000] {connection_wrapper.py:317} INFO - AWS Connection (conn_id='aws_default', conn_type='aws') credentials retrieved from extra['s3_config_file']
[2022-11-29T07:31:29.743+0000] {taskinstance.py:1406} INFO - Marking task as SUCCESS. dag_id=s3_dag, task_id=extract, execution_date=20221129T071500, start_date=20221129T073129, end_date=20221129T073129
[2022-11-29T07:31:29.782+0000] {local_task_job.py:159} INFO - Task exited with return code 0
[2022-11-29T07:31:29.798+0000] {taskinstance.py:2623} INFO - 1 downstream tasks scheduled from follow-on schedule check
