[2022-11-29T04:44:17.052+0000] {manager.py:483} INFO - Processing files using up to 2 processes at a time 
[2022-11-29T04:44:17.052+0000] {manager.py:484} INFO - Process each file at most once every 30 seconds
[2022-11-29T04:44:17.053+0000] {manager.py:486} INFO - Checking for new files in /opt/airflow/dags every 300 seconds
[2022-11-29T04:44:17.053+0000] {manager.py:724} INFO - Searching for files in /opt/airflow/dags
[2022-11-29T04:44:17.053+0000] {manager.py:727} INFO - There are 1 files in /opt/airflow/dags
[2022-11-29T04:44:17.117+0000] {manager.py:846} INFO - 
================================================================================
DAG File Processing Stats

File Path                      PID  Runtime      # DAGs    # Errors  Last Runtime    Last Run
---------------------------  -----  ---------  --------  ----------  --------------  ----------
/opt/airflow/dags/s3_dag.py     42  0.01s             0           0
================================================================================
[2022-11-29T04:44:47.209+0000] {manager.py:846} INFO - 
================================================================================
DAG File Processing Stats

File Path                    PID    Runtime      # DAGs    # Errors  Last Runtime    Last Run
---------------------------  -----  ---------  --------  ----------  --------------  -------------------
/opt/airflow/dags/s3_dag.py                           1           0  0.99s           2022-11-29T04:44:18
================================================================================
[2022-11-29T04:45:17.321+0000] {manager.py:846} INFO - 
================================================================================
DAG File Processing Stats

File Path                    PID    Runtime      # DAGs    # Errors  Last Runtime    Last Run
---------------------------  -----  ---------  --------  ----------  --------------  -------------------
/opt/airflow/dags/s3_dag.py                           1           0  0.44s           2022-11-29T04:44:48
================================================================================
[2022-11-29T04:45:47.863+0000] {manager.py:846} INFO - 
================================================================================
DAG File Processing Stats

File Path                    PID    Runtime      # DAGs    # Errors  Last Runtime    Last Run
---------------------------  -----  ---------  --------  ----------  --------------  -------------------
/opt/airflow/dags/s3_dag.py                           1           0  0.39s           2022-11-29T04:45:19
================================================================================
[2022-11-29T04:46:18.355+0000] {manager.py:846} INFO - 
================================================================================
DAG File Processing Stats

File Path                    PID    Runtime      # DAGs    # Errors  Last Runtime    Last Run
---------------------------  -----  ---------  --------  ----------  --------------  -------------------
/opt/airflow/dags/s3_dag.py                           1           0  0.41s           2022-11-29T04:45:49
================================================================================
[2022-11-29T04:46:48.884+0000] {manager.py:846} INFO - 
================================================================================
DAG File Processing Stats

File Path                    PID    Runtime      # DAGs    # Errors  Last Runtime    Last Run
---------------------------  -----  ---------  --------  ----------  --------------  -------------------
/opt/airflow/dags/s3_dag.py                           1           0  0.38s           2022-11-29T04:46:20
================================================================================
[2022-11-29T04:47:19.372+0000] {manager.py:846} INFO - 
================================================================================
DAG File Processing Stats

File Path                    PID    Runtime      # DAGs    # Errors  Last Runtime    Last Run
---------------------------  -----  ---------  --------  ----------  --------------  -------------------
/opt/airflow/dags/s3_dag.py                           1           0  0.38s           2022-11-29T04:46:50
================================================================================
[2022-11-29T04:47:49.852+0000] {manager.py:846} INFO - 
================================================================================
DAG File Processing Stats

File Path                    PID    Runtime      # DAGs    # Errors  Last Runtime    Last Run
---------------------------  -----  ---------  --------  ----------  --------------  -------------------
/opt/airflow/dags/s3_dag.py                           1           0  0.37s           2022-11-29T04:47:21
================================================================================
[2022-11-29T04:48:20.323+0000] {manager.py:846} INFO - 
================================================================================
DAG File Processing Stats

File Path                    PID    Runtime      # DAGs    # Errors  Last Runtime    Last Run
---------------------------  -----  ---------  --------  ----------  --------------  -------------------
/opt/airflow/dags/s3_dag.py                           1           0  0.38s           2022-11-29T04:47:51
================================================================================
[2022-11-29T04:48:50.822+0000] {manager.py:846} INFO - 
================================================================================
DAG File Processing Stats

File Path                    PID    Runtime      # DAGs    # Errors  Last Runtime    Last Run
---------------------------  -----  ---------  --------  ----------  --------------  -------------------
/opt/airflow/dags/s3_dag.py                           1           0  0.37s           2022-11-29T04:48:22
================================================================================
[2022-11-29T04:49:17.276+0000] {manager.py:724} INFO - Searching for files in /opt/airflow/dags
[2022-11-29T04:49:17.276+0000] {manager.py:727} INFO - There are 1 files in /opt/airflow/dags
[2022-11-29T04:49:21.299+0000] {manager.py:846} INFO - 
================================================================================
DAG File Processing Stats

File Path                    PID    Runtime      # DAGs    # Errors  Last Runtime    Last Run
---------------------------  -----  ---------  --------  ----------  --------------  -------------------
/opt/airflow/dags/s3_dag.py                           1           0  0.36s           2022-11-29T04:48:52
================================================================================
[2022-11-29T04:49:51.762+0000] {manager.py:846} INFO - 
================================================================================
DAG File Processing Stats

File Path                    PID    Runtime      # DAGs    # Errors  Last Runtime    Last Run
---------------------------  -----  ---------  --------  ----------  --------------  -------------------
/opt/airflow/dags/s3_dag.py                           1           0  0.39s           2022-11-29T04:49:23
================================================================================
[2022-11-29T04:50:22.244+0000] {manager.py:846} INFO - 
================================================================================
DAG File Processing Stats

File Path                    PID    Runtime      # DAGs    # Errors  Last Runtime    Last Run
---------------------------  -----  ---------  --------  ----------  --------------  -------------------
/opt/airflow/dags/s3_dag.py                           1           0  0.36s           2022-11-29T04:49:53
================================================================================
[2022-11-29T04:50:52.713+0000] {manager.py:846} INFO - 
================================================================================
DAG File Processing Stats

File Path                    PID    Runtime      # DAGs    # Errors  Last Runtime    Last Run
---------------------------  -----  ---------  --------  ----------  --------------  -------------------
/opt/airflow/dags/s3_dag.py                           1           0  0.38s           2022-11-29T04:50:23
================================================================================
[2022-11-29T04:51:23.196+0000] {manager.py:846} INFO - 
================================================================================
DAG File Processing Stats

File Path                    PID    Runtime      # DAGs    # Errors  Last Runtime    Last Run
---------------------------  -----  ---------  --------  ----------  --------------  -------------------
/opt/airflow/dags/s3_dag.py                           1           0  0.37s           2022-11-29T04:50:54
================================================================================
[2022-11-29T04:51:53.667+0000] {manager.py:846} INFO - 
================================================================================
DAG File Processing Stats

File Path                    PID    Runtime      # DAGs    # Errors  Last Runtime    Last Run
---------------------------  -----  ---------  --------  ----------  --------------  -------------------
/opt/airflow/dags/s3_dag.py                           1           0  0.39s           2022-11-29T04:51:24
================================================================================
[2022-11-29T04:52:24.170+0000] {manager.py:846} INFO - 
================================================================================
DAG File Processing Stats

File Path                    PID    Runtime      # DAGs    # Errors  Last Runtime    Last Run
---------------------------  -----  ---------  --------  ----------  --------------  -------------------
/opt/airflow/dags/s3_dag.py                           1           0  0.39s           2022-11-29T04:51:55
================================================================================
[2022-11-29T04:52:54.665+0000] {manager.py:846} INFO - 
================================================================================
DAG File Processing Stats

File Path                    PID    Runtime      # DAGs    # Errors  Last Runtime    Last Run
---------------------------  -----  ---------  --------  ----------  --------------  -------------------
/opt/airflow/dags/s3_dag.py                           1           0  0.37s           2022-11-29T04:52:25
================================================================================
[2022-11-29T04:53:25.148+0000] {manager.py:846} INFO - 
================================================================================
DAG File Processing Stats

File Path                    PID    Runtime      # DAGs    # Errors  Last Runtime    Last Run
---------------------------  -----  ---------  --------  ----------  --------------  -------------------
/opt/airflow/dags/s3_dag.py                           1           0  0.37s           2022-11-29T04:52:56
================================================================================
[2022-11-29T04:53:55.606+0000] {manager.py:846} INFO - 
================================================================================
DAG File Processing Stats

File Path                    PID    Runtime      # DAGs    # Errors  Last Runtime    Last Run
---------------------------  -----  ---------  --------  ----------  --------------  -------------------
/opt/airflow/dags/s3_dag.py                           1           0  0.38s           2022-11-29T04:53:26
================================================================================
[2022-11-29T04:54:17.445+0000] {manager.py:724} INFO - Searching for files in /opt/airflow/dags
[2022-11-29T04:54:17.446+0000] {manager.py:727} INFO - There are 1 files in /opt/airflow/dags
[2022-11-29T04:54:26.089+0000] {manager.py:846} INFO - 
================================================================================
DAG File Processing Stats

File Path                    PID    Runtime      # DAGs    # Errors  Last Runtime    Last Run
---------------------------  -----  ---------  --------  ----------  --------------  -------------------
/opt/airflow/dags/s3_dag.py                           1           0  0.39s           2022-11-29T04:53:57
================================================================================
[2022-11-29T04:54:28.176+0000] {manager.py:465} INFO - Exiting gracefully upon receiving signal 15
[2022-11-29T04:55:23.541+0000] {manager.py:483} INFO - Processing files using up to 2 processes at a time 
[2022-11-29T04:55:23.542+0000] {manager.py:484} INFO - Process each file at most once every 30 seconds
[2022-11-29T04:55:23.542+0000] {manager.py:486} INFO - Checking for new files in /opt/airflow/dags every 300 seconds
[2022-11-29T04:55:23.542+0000] {manager.py:724} INFO - Searching for files in /opt/airflow/dags
[2022-11-29T04:55:23.543+0000] {manager.py:727} INFO - There are 1 files in /opt/airflow/dags
[2022-11-29T04:55:23.586+0000] {manager.py:846} INFO - 
================================================================================
DAG File Processing Stats

File Path                      PID  Runtime      # DAGs    # Errors  Last Runtime    Last Run
---------------------------  -----  ---------  --------  ----------  --------------  ----------
/opt/airflow/dags/s3_dag.py     42  0.01s             0           0
================================================================================
[2022-11-29T04:55:53.668+0000] {manager.py:846} INFO - 
================================================================================
DAG File Processing Stats

File Path                    PID    Runtime      # DAGs    # Errors  Last Runtime    Last Run
---------------------------  -----  ---------  --------  ----------  --------------  -------------------
/opt/airflow/dags/s3_dag.py                           1           0  0.99s           2022-11-29T04:55:24
================================================================================
[2022-11-29T04:56:23.776+0000] {manager.py:846} INFO - 
================================================================================
DAG File Processing Stats

File Path                    PID    Runtime      # DAGs    # Errors  Last Runtime    Last Run
---------------------------  -----  ---------  --------  ----------  --------------  -------------------
/opt/airflow/dags/s3_dag.py                           1           0  0.43s           2022-11-29T04:55:55
================================================================================
[2022-11-29T04:56:54.311+0000] {manager.py:846} INFO - 
================================================================================
DAG File Processing Stats

File Path                    PID    Runtime      # DAGs    # Errors  Last Runtime    Last Run
---------------------------  -----  ---------  --------  ----------  --------------  -------------------
/opt/airflow/dags/s3_dag.py                           1           0  0.41s           2022-11-29T04:56:25
================================================================================
[2022-11-29T04:57:24.830+0000] {manager.py:846} INFO - 
================================================================================
DAG File Processing Stats

File Path                    PID    Runtime      # DAGs    # Errors  Last Runtime    Last Run
---------------------------  -----  ---------  --------  ----------  --------------  -------------------
/opt/airflow/dags/s3_dag.py                           1           0  0.38s           2022-11-29T04:56:56
================================================================================
[2022-11-29T04:57:55.316+0000] {manager.py:846} INFO - 
================================================================================
DAG File Processing Stats

File Path                    PID    Runtime      # DAGs    # Errors  Last Runtime    Last Run
---------------------------  -----  ---------  --------  ----------  --------------  -------------------
/opt/airflow/dags/s3_dag.py                           1           0  0.38s           2022-11-29T04:57:26
================================================================================
[2022-11-29T04:58:25.794+0000] {manager.py:846} INFO - 
================================================================================
DAG File Processing Stats

File Path                    PID    Runtime      # DAGs    # Errors  Last Runtime    Last Run
---------------------------  -----  ---------  --------  ----------  --------------  -------------------
/opt/airflow/dags/s3_dag.py                           1           0  0.38s           2022-11-29T04:57:57
================================================================================
[2022-11-29T04:58:56.283+0000] {manager.py:846} INFO - 
================================================================================
DAG File Processing Stats

File Path                    PID    Runtime      # DAGs    # Errors  Last Runtime    Last Run
---------------------------  -----  ---------  --------  ----------  --------------  -------------------
/opt/airflow/dags/s3_dag.py                           1           0  0.38s           2022-11-29T04:58:27
================================================================================
[2022-11-29T04:59:26.761+0000] {manager.py:846} INFO - 
================================================================================
DAG File Processing Stats

File Path                    PID    Runtime      # DAGs    # Errors  Last Runtime    Last Run
---------------------------  -----  ---------  --------  ----------  --------------  -------------------
/opt/airflow/dags/s3_dag.py                           1           0  0.40s           2022-11-29T04:58:58
================================================================================
[2022-11-29T04:59:57.265+0000] {manager.py:846} INFO - 
================================================================================
DAG File Processing Stats

File Path                    PID    Runtime      # DAGs    # Errors  Last Runtime    Last Run
---------------------------  -----  ---------  --------  ----------  --------------  -------------------
/opt/airflow/dags/s3_dag.py                           1           0  0.36s           2022-11-29T04:59:28
================================================================================
[2022-11-29T05:00:23.710+0000] {manager.py:724} INFO - Searching for files in /opt/airflow/dags
[2022-11-29T05:00:23.711+0000] {manager.py:727} INFO - There are 1 files in /opt/airflow/dags
[2022-11-29T05:00:27.736+0000] {manager.py:846} INFO - 
================================================================================
DAG File Processing Stats

File Path                    PID    Runtime      # DAGs    # Errors  Last Runtime    Last Run
---------------------------  -----  ---------  --------  ----------  --------------  -------------------
/opt/airflow/dags/s3_dag.py                           1           0  0.49s           2022-11-29T04:59:59
================================================================================
[2022-11-29T05:00:58.317+0000] {manager.py:846} INFO - 
================================================================================
DAG File Processing Stats

File Path                    PID    Runtime      # DAGs    # Errors  Last Runtime    Last Run
---------------------------  -----  ---------  --------  ----------  --------------  -------------------
/opt/airflow/dags/s3_dag.py                           1           0  0.38s           2022-11-29T05:00:29
================================================================================
[2022-11-29T05:01:28.806+0000] {manager.py:846} INFO - 
================================================================================
DAG File Processing Stats

File Path                    PID    Runtime      # DAGs    # Errors  Last Runtime    Last Run
---------------------------  -----  ---------  --------  ----------  --------------  -------------------
/opt/airflow/dags/s3_dag.py                           1           0  0.36s           2022-11-29T05:01:00
================================================================================
[2022-11-29T05:01:59.261+0000] {manager.py:846} INFO - 
================================================================================
DAG File Processing Stats

File Path                    PID    Runtime      # DAGs    # Errors  Last Runtime    Last Run
---------------------------  -----  ---------  --------  ----------  --------------  -------------------
/opt/airflow/dags/s3_dag.py                           1           0  0.39s           2022-11-29T05:01:30
================================================================================
