[2022-11-29T07:23:56.024+0000] {taskinstance.py:1165} INFO - Dependencies all met for <TaskInstance: s3_dag.process scheduled__2022-11-29T07:15:00+00:00 [queued]>
[2022-11-29T07:23:56.031+0000] {taskinstance.py:1165} INFO - Dependencies all met for <TaskInstance: s3_dag.process scheduled__2022-11-29T07:15:00+00:00 [queued]>
[2022-11-29T07:23:56.031+0000] {taskinstance.py:1362} INFO - 
--------------------------------------------------------------------------------
[2022-11-29T07:23:56.031+0000] {taskinstance.py:1363} INFO - Starting attempt 1 of 1
[2022-11-29T07:23:56.031+0000] {taskinstance.py:1364} INFO - 
--------------------------------------------------------------------------------
[2022-11-29T07:23:56.044+0000] {taskinstance.py:1383} INFO - Executing <Task(_PythonDecoratedOperator): process> on 2022-11-29 07:15:00+00:00
[2022-11-29T07:23:56.050+0000] {standard_task_runner.py:55} INFO - Started process 577 to run task
[2022-11-29T07:23:56.052+0000] {standard_task_runner.py:82} INFO - Running: ['***', 'tasks', 'run', 's3_dag', 'process', 'scheduled__2022-11-29T07:15:00+00:00', '--job-id', '232', '--raw', '--subdir', 'DAGS_FOLDER/s3_dag.py', '--cfg-path', '/tmp/tmpjj87hrjt']
[2022-11-29T07:23:56.053+0000] {standard_task_runner.py:83} INFO - Job 232: Subtask process
[2022-11-29T07:23:56.096+0000] {task_command.py:376} INFO - Running <TaskInstance: s3_dag.process scheduled__2022-11-29T07:15:00+00:00 [running]> on host d8a43e064f71
[2022-11-29T07:23:56.131+0000] {s3.py:893} INFO - Downloading source S3 file from Bucket hien-***-xcoms with path data_388f32f6-aef9-44f2-a96f-3ce48e2ed521
[2022-11-29T07:23:56.131+0000] {crypto.py:84} WARNING - empty cryptography key - values will not be stored encrypted.
[2022-11-29T07:23:56.131+0000] {base.py:71} INFO - Using connection ID 'aws_default' for task execution.
[2022-11-29T07:23:56.132+0000] {warnings.py:110} WARNING - /home/***/.local/lib/python3.7/site-packages/***/providers/amazon/aws/utils/connection_wrapper.py:8: DeprecationWarning: Use local credentials file is never documented and well tested. Obtain credentials by this way deprecated and will be removed in a future releases.
  #

[2022-11-29T07:23:56.133+0000] {connection_wrapper.py:317} INFO - AWS Connection (conn_id='aws_default', conn_type='aws') credentials retrieved from extra['s3_config_file']
[2022-11-29T07:23:56.876+0000] {taskinstance.py:1592} INFO - Exporting the following env vars:
AIRFLOW_CTX_DAG_OWNER=***
AIRFLOW_CTX_DAG_ID=s3_dag
AIRFLOW_CTX_TASK_ID=process
AIRFLOW_CTX_EXECUTION_DATE=2022-11-29T07:15:00+00:00
AIRFLOW_CTX_TRY_NUMBER=1
AIRFLOW_CTX_DAG_RUN_ID=scheduled__2022-11-29T07:15:00+00:00
[2022-11-29T07:23:56.881+0000] {logging_mixin.py:137} INFO - Processing:    Unnamed: 0 Firstnames Lastnames
0           0      James      Wick
1           1    Corolla      Leto
2           2       Mark     Smith
3           3       Eddy     Etwan
[2022-11-29T07:23:56.881+0000] {python.py:177} INFO - Done. Returned value was: None
[2022-11-29T07:23:56.888+0000] {taskinstance.py:1406} INFO - Marking task as SUCCESS. dag_id=s3_dag, task_id=process, execution_date=20221129T071500, start_date=20221129T072356, end_date=20221129T072356
[2022-11-29T07:23:56.946+0000] {local_task_job.py:159} INFO - Task exited with return code 0
[2022-11-29T07:23:56.961+0000] {taskinstance.py:2623} INFO - 0 downstream tasks scheduled from follow-on schedule check
[2022-11-29T07:31:31.011+0000] {taskinstance.py:1165} INFO - Dependencies all met for <TaskInstance: s3_dag.process scheduled__2022-11-29T07:15:00+00:00 [queued]>
[2022-11-29T07:31:31.018+0000] {taskinstance.py:1165} INFO - Dependencies all met for <TaskInstance: s3_dag.process scheduled__2022-11-29T07:15:00+00:00 [queued]>
[2022-11-29T07:31:31.018+0000] {taskinstance.py:1362} INFO - 
--------------------------------------------------------------------------------
[2022-11-29T07:31:31.018+0000] {taskinstance.py:1363} INFO - Starting attempt 1 of 1
[2022-11-29T07:31:31.018+0000] {taskinstance.py:1364} INFO - 
--------------------------------------------------------------------------------
[2022-11-29T07:31:31.033+0000] {taskinstance.py:1383} INFO - Executing <Task(_PythonDecoratedOperator): process> on 2022-11-29 07:15:00+00:00
[2022-11-29T07:31:31.039+0000] {standard_task_runner.py:55} INFO - Started process 552 to run task
[2022-11-29T07:31:31.041+0000] {standard_task_runner.py:82} INFO - Running: ['***', 'tasks', 'run', 's3_dag', 'process', 'scheduled__2022-11-29T07:15:00+00:00', '--job-id', '244', '--raw', '--subdir', 'DAGS_FOLDER/s3_dag.py', '--cfg-path', '/tmp/tmp3j953fft']
[2022-11-29T07:31:31.041+0000] {standard_task_runner.py:83} INFO - Job 244: Subtask process
[2022-11-29T07:31:31.096+0000] {task_command.py:376} INFO - Running <TaskInstance: s3_dag.process scheduled__2022-11-29T07:15:00+00:00 [running]> on host d8a43e064f71
[2022-11-29T07:31:31.142+0000] {s3.py:893} INFO - Downloading source S3 file from Bucket hien-***-xcoms with path data_f797f7aa-962b-4dba-8a02-6ac2ae67fb59
[2022-11-29T07:31:31.143+0000] {crypto.py:84} WARNING - empty cryptography key - values will not be stored encrypted.
[2022-11-29T07:31:31.143+0000] {base.py:71} INFO - Using connection ID 'aws_default' for task execution.
[2022-11-29T07:31:31.144+0000] {warnings.py:110} WARNING - /home/***/.local/lib/python3.7/site-packages/***/providers/amazon/aws/utils/connection_wrapper.py:8: DeprecationWarning: Use local credentials file is never documented and well tested. Obtain credentials by this way deprecated and will be removed in a future releases.
  #

[2022-11-29T07:31:31.145+0000] {connection_wrapper.py:317} INFO - AWS Connection (conn_id='aws_default', conn_type='aws') credentials retrieved from extra['s3_config_file']
[2022-11-29T07:31:31.812+0000] {taskinstance.py:1592} INFO - Exporting the following env vars:
AIRFLOW_CTX_DAG_OWNER=***
AIRFLOW_CTX_DAG_ID=s3_dag
AIRFLOW_CTX_TASK_ID=process
AIRFLOW_CTX_EXECUTION_DATE=2022-11-29T07:15:00+00:00
AIRFLOW_CTX_TRY_NUMBER=1
AIRFLOW_CTX_DAG_RUN_ID=scheduled__2022-11-29T07:15:00+00:00
[2022-11-29T07:31:31.817+0000] {logging_mixin.py:137} INFO - Processing:    Unnamed: 0 Firstnames Lastnames
0           0      James      Wick
1           1    Corolla      Leto
2           2       Mark     Smith
3           3       Eddy     Etwan
[2022-11-29T07:31:31.817+0000] {python.py:177} INFO - Done. Returned value was: None
[2022-11-29T07:31:31.824+0000] {taskinstance.py:1406} INFO - Marking task as SUCCESS. dag_id=s3_dag, task_id=process, execution_date=20221129T071500, start_date=20221129T073131, end_date=20221129T073131
[2022-11-29T07:31:31.855+0000] {local_task_job.py:159} INFO - Task exited with return code 0
[2022-11-29T07:31:31.872+0000] {taskinstance.py:2623} INFO - 0 downstream tasks scheduled from follow-on schedule check
