[2022-11-29T07:38:10.247+0000] {taskinstance.py:1165} INFO - Dependencies all met for <TaskInstance: my_dag.training_model_C scheduled__2022-11-28T00:00:00+00:00 [queued]>
[2022-11-29T07:38:10.259+0000] {taskinstance.py:1165} INFO - Dependencies all met for <TaskInstance: my_dag.training_model_C scheduled__2022-11-28T00:00:00+00:00 [queued]>
[2022-11-29T07:38:10.259+0000] {taskinstance.py:1362} INFO - 
--------------------------------------------------------------------------------
[2022-11-29T07:38:10.260+0000] {taskinstance.py:1363} INFO - Starting attempt 1 of 1
[2022-11-29T07:38:10.260+0000] {taskinstance.py:1364} INFO - 
--------------------------------------------------------------------------------
[2022-11-29T07:38:10.279+0000] {taskinstance.py:1383} INFO - Executing <Task(PythonOperator): training_model_C> on 2022-11-28 00:00:00+00:00
[2022-11-29T07:38:10.287+0000] {standard_task_runner.py:55} INFO - Started process 63 to run task
[2022-11-29T07:38:10.289+0000] {standard_task_runner.py:82} INFO - Running: ['***', 'tasks', 'run', 'my_dag', 'training_model_C', 'scheduled__2022-11-28T00:00:00+00:00', '--job-id', '253', '--raw', '--subdir', 'DAGS_FOLDER/my_dag.py', '--cfg-path', '/tmp/tmp8g_nwng5']
[2022-11-29T07:38:10.289+0000] {standard_task_runner.py:83} INFO - Job 253: Subtask training_model_C
[2022-11-29T07:38:10.354+0000] {task_command.py:376} INFO - Running <TaskInstance: my_dag.training_model_C scheduled__2022-11-28T00:00:00+00:00 [running]> on host d8a43e064f71
[2022-11-29T07:38:10.446+0000] {taskinstance.py:1592} INFO - Exporting the following env vars:
AIRFLOW_CTX_DAG_OWNER=***
AIRFLOW_CTX_DAG_ID=my_dag
AIRFLOW_CTX_TASK_ID=training_model_C
AIRFLOW_CTX_EXECUTION_DATE=2022-11-28T00:00:00+00:00
AIRFLOW_CTX_TRY_NUMBER=1
AIRFLOW_CTX_DAG_RUN_ID=scheduled__2022-11-28T00:00:00+00:00
[2022-11-29T07:38:10.446+0000] {python.py:177} INFO - Done. Returned value was: 8
[2022-11-29T07:38:10.452+0000] {warnings.py:110} WARNING - /home/***/.local/lib/python3.7/site-packages/***/models/xcom.py:653: RemovedInAirflow3Warning: Method `serialize_value` in XCom backend S3XComBackend is using outdated signature andmust be updated to accept all params in `BaseXCom.set` except `session`. Support will be removed in a future release.
  RemovedInAirflow3Warning,

[2022-11-29T07:38:10.471+0000] {taskinstance.py:1406} INFO - Marking task as SUCCESS. dag_id=my_dag, task_id=training_model_C, execution_date=20221128T000000, start_date=20221129T073810, end_date=20221129T073810
[2022-11-29T07:38:10.501+0000] {local_task_job.py:159} INFO - Task exited with return code 0
[2022-11-29T07:38:10.527+0000] {taskinstance.py:2623} INFO - 1 downstream tasks scheduled from follow-on schedule check
