[2022-11-29T06:05:35.131+0000] {taskinstance.py:1165} INFO - Dependencies all met for <TaskInstance: s3_dag.extract manual__2022-11-29T06:05:34.405371+00:00 [queued]>
[2022-11-29T06:05:35.140+0000] {taskinstance.py:1165} INFO - Dependencies all met for <TaskInstance: s3_dag.extract manual__2022-11-29T06:05:34.405371+00:00 [queued]>
[2022-11-29T06:05:35.140+0000] {taskinstance.py:1362} INFO - 
--------------------------------------------------------------------------------
[2022-11-29T06:05:35.140+0000] {taskinstance.py:1363} INFO - Starting attempt 1 of 1
[2022-11-29T06:05:35.141+0000] {taskinstance.py:1364} INFO - 
--------------------------------------------------------------------------------
[2022-11-29T06:05:35.158+0000] {taskinstance.py:1383} INFO - Executing <Task(_PythonDecoratedOperator): extract> on 2022-11-29 06:05:34.405371+00:00
[2022-11-29T06:05:35.165+0000] {standard_task_runner.py:55} INFO - Started process 3480 to run task
[2022-11-29T06:05:35.167+0000] {standard_task_runner.py:82} INFO - Running: ['***', 'tasks', 'run', 's3_dag', 'extract', 'manual__2022-11-29T06:05:34.405371+00:00', '--job-id', '184', '--raw', '--subdir', 'DAGS_FOLDER/s3_dag.py', '--cfg-path', '/tmp/tmpn_07j9ud']
[2022-11-29T06:05:35.168+0000] {standard_task_runner.py:83} INFO - Job 184: Subtask extract
[2022-11-29T06:05:35.233+0000] {task_command.py:376} INFO - Running <TaskInstance: s3_dag.extract manual__2022-11-29T06:05:34.405371+00:00 [running]> on host a3a66c4c6c98
[2022-11-29T06:05:35.308+0000] {taskinstance.py:1592} INFO - Exporting the following env vars:
AIRFLOW_CTX_DAG_OWNER=***
AIRFLOW_CTX_DAG_ID=s3_dag
AIRFLOW_CTX_TASK_ID=extract
AIRFLOW_CTX_EXECUTION_DATE=2022-11-29T06:05:34.405371+00:00
AIRFLOW_CTX_TRY_NUMBER=1
AIRFLOW_CTX_DAG_RUN_ID=manual__2022-11-29T06:05:34.405371+00:00
[2022-11-29T06:05:35.311+0000] {python.py:177} INFO - Done. Returned value was:   Firstnames Lastnames
0      James      Wick
1    Corolla      Leto
2       Mark     Smith
3       Eddy     Etwan
[2022-11-29T06:05:35.344+0000] {taskinstance.py:1406} INFO - Marking task as SUCCESS. dag_id=s3_dag, task_id=extract, execution_date=20221129T060534, start_date=20221129T060535, end_date=20221129T060535
[2022-11-29T06:05:35.418+0000] {local_task_job.py:159} INFO - Task exited with return code 0
[2022-11-29T06:05:35.435+0000] {taskinstance.py:2623} INFO - 1 downstream tasks scheduled from follow-on schedule check
