[2022-11-29T04:55:56.569+0000] {taskinstance.py:1165} INFO - Dependencies all met for <TaskInstance: s3_dag.extract scheduled__2022-11-28T00:00:00+00:00 [queued]>
[2022-11-29T04:55:56.576+0000] {taskinstance.py:1165} INFO - Dependencies all met for <TaskInstance: s3_dag.extract scheduled__2022-11-28T00:00:00+00:00 [queued]>
[2022-11-29T04:55:56.576+0000] {taskinstance.py:1362} INFO - 
--------------------------------------------------------------------------------
[2022-11-29T04:55:56.576+0000] {taskinstance.py:1363} INFO - Starting attempt 1 of 1
[2022-11-29T04:55:56.576+0000] {taskinstance.py:1364} INFO - 
--------------------------------------------------------------------------------
[2022-11-29T04:55:56.588+0000] {taskinstance.py:1383} INFO - Executing <Task(_PythonDecoratedOperator): extract> on 2022-11-28 00:00:00+00:00
[2022-11-29T04:55:56.594+0000] {standard_task_runner.py:55} INFO - Started process 95 to run task
[2022-11-29T04:55:56.596+0000] {standard_task_runner.py:82} INFO - Running: ['***', 'tasks', 'run', 's3_dag', 'extract', 'scheduled__2022-11-28T00:00:00+00:00', '--job-id', '180', '--raw', '--subdir', 'DAGS_FOLDER/s3_dag.py', '--cfg-path', '/tmp/tmprk1k52i3']
[2022-11-29T04:55:56.597+0000] {standard_task_runner.py:83} INFO - Job 180: Subtask extract
[2022-11-29T04:55:56.639+0000] {task_command.py:376} INFO - Running <TaskInstance: s3_dag.extract scheduled__2022-11-28T00:00:00+00:00 [running]> on host a3a66c4c6c98
[2022-11-29T04:55:56.692+0000] {taskinstance.py:1592} INFO - Exporting the following env vars:
AIRFLOW_CTX_DAG_OWNER=***
AIRFLOW_CTX_DAG_ID=s3_dag
AIRFLOW_CTX_TASK_ID=extract
AIRFLOW_CTX_EXECUTION_DATE=2022-11-28T00:00:00+00:00
AIRFLOW_CTX_TRY_NUMBER=1
AIRFLOW_CTX_DAG_RUN_ID=scheduled__2022-11-28T00:00:00+00:00
[2022-11-29T04:55:56.694+0000] {python.py:177} INFO - Done. Returned value was:   Firstnames Lastnames
0      James      Wick
1    Corolla      Leto
2       Mark     Smith
3       Eddy     Etwan
[2022-11-29T04:55:56.718+0000] {taskinstance.py:1406} INFO - Marking task as SUCCESS. dag_id=s3_dag, task_id=extract, execution_date=20221128T000000, start_date=20221129T045556, end_date=20221129T045556
[2022-11-29T04:55:56.767+0000] {local_task_job.py:159} INFO - Task exited with return code 0
[2022-11-29T04:55:56.783+0000] {taskinstance.py:2623} INFO - 1 downstream tasks scheduled from follow-on schedule check
[2022-11-29T06:12:10.985+0000] {taskinstance.py:1165} INFO - Dependencies all met for <TaskInstance: s3_dag.extract scheduled__2022-11-28T00:00:00+00:00 [queued]>
[2022-11-29T06:12:10.993+0000] {taskinstance.py:1165} INFO - Dependencies all met for <TaskInstance: s3_dag.extract scheduled__2022-11-28T00:00:00+00:00 [queued]>
[2022-11-29T06:12:10.993+0000] {taskinstance.py:1362} INFO - 
--------------------------------------------------------------------------------
[2022-11-29T06:12:10.993+0000] {taskinstance.py:1363} INFO - Starting attempt 1 of 1
[2022-11-29T06:12:10.993+0000] {taskinstance.py:1364} INFO - 
--------------------------------------------------------------------------------
[2022-11-29T06:12:11.006+0000] {taskinstance.py:1383} INFO - Executing <Task(_PythonDecoratedOperator): extract> on 2022-11-28 00:00:00+00:00
[2022-11-29T06:12:11.012+0000] {standard_task_runner.py:55} INFO - Started process 3822 to run task
[2022-11-29T06:12:11.014+0000] {standard_task_runner.py:82} INFO - Running: ['***', 'tasks', 'run', 's3_dag', 'extract', 'scheduled__2022-11-28T00:00:00+00:00', '--job-id', '190', '--raw', '--subdir', 'DAGS_FOLDER/s3_dag.py', '--cfg-path', '/tmp/tmpa3yo_m4c']
[2022-11-29T06:12:11.015+0000] {standard_task_runner.py:83} INFO - Job 190: Subtask extract
[2022-11-29T06:12:11.063+0000] {task_command.py:376} INFO - Running <TaskInstance: s3_dag.extract scheduled__2022-11-28T00:00:00+00:00 [running]> on host a3a66c4c6c98
[2022-11-29T06:12:11.124+0000] {taskinstance.py:1592} INFO - Exporting the following env vars:
AIRFLOW_CTX_DAG_OWNER=***
AIRFLOW_CTX_DAG_ID=s3_dag
AIRFLOW_CTX_TASK_ID=extract
AIRFLOW_CTX_EXECUTION_DATE=2022-11-28T00:00:00+00:00
AIRFLOW_CTX_TRY_NUMBER=1
AIRFLOW_CTX_DAG_RUN_ID=scheduled__2022-11-28T00:00:00+00:00
[2022-11-29T06:12:11.126+0000] {python.py:177} INFO - Done. Returned value was:   Firstnames Lastnames
0      James      Wick
1    Corolla      Leto
2       Mark     Smith
3       Eddy     Etwan
[2022-11-29T06:12:11.153+0000] {taskinstance.py:1406} INFO - Marking task as SUCCESS. dag_id=s3_dag, task_id=extract, execution_date=20221128T000000, start_date=20221129T061210, end_date=20221129T061211
[2022-11-29T06:12:11.185+0000] {local_task_job.py:159} INFO - Task exited with return code 0
[2022-11-29T06:12:11.203+0000] {taskinstance.py:2623} INFO - 1 downstream tasks scheduled from follow-on schedule check
[2022-11-29T06:20:10.935+0000] {taskinstance.py:1165} INFO - Dependencies all met for <TaskInstance: s3_dag.extract scheduled__2022-11-28T00:00:00+00:00 [queued]>
[2022-11-29T06:20:10.943+0000] {taskinstance.py:1165} INFO - Dependencies all met for <TaskInstance: s3_dag.extract scheduled__2022-11-28T00:00:00+00:00 [queued]>
[2022-11-29T06:20:10.943+0000] {taskinstance.py:1362} INFO - 
--------------------------------------------------------------------------------
[2022-11-29T06:20:10.943+0000] {taskinstance.py:1363} INFO - Starting attempt 1 of 1
[2022-11-29T06:20:10.943+0000] {taskinstance.py:1364} INFO - 
--------------------------------------------------------------------------------
[2022-11-29T06:20:10.956+0000] {taskinstance.py:1383} INFO - Executing <Task(_PythonDecoratedOperator): extract> on 2022-11-28 00:00:00+00:00
[2022-11-29T06:20:10.962+0000] {standard_task_runner.py:55} INFO - Started process 139 to run task
[2022-11-29T06:20:10.964+0000] {standard_task_runner.py:82} INFO - Running: ['***', 'tasks', 'run', 's3_dag', 'extract', 'scheduled__2022-11-28T00:00:00+00:00', '--job-id', '200', '--raw', '--subdir', 'DAGS_FOLDER/s3_dag.py', '--cfg-path', '/tmp/tmpz_uoq13x']
[2022-11-29T06:20:10.965+0000] {standard_task_runner.py:83} INFO - Job 200: Subtask extract
[2022-11-29T06:20:11.014+0000] {task_command.py:376} INFO - Running <TaskInstance: s3_dag.extract scheduled__2022-11-28T00:00:00+00:00 [running]> on host a3a66c4c6c98
[2022-11-29T06:20:11.088+0000] {taskinstance.py:1592} INFO - Exporting the following env vars:
AIRFLOW_CTX_DAG_OWNER=***
AIRFLOW_CTX_DAG_ID=s3_dag
AIRFLOW_CTX_TASK_ID=extract
AIRFLOW_CTX_EXECUTION_DATE=2022-11-28T00:00:00+00:00
AIRFLOW_CTX_TRY_NUMBER=1
AIRFLOW_CTX_DAG_RUN_ID=scheduled__2022-11-28T00:00:00+00:00
[2022-11-29T06:20:11.092+0000] {python.py:177} INFO - Done. Returned value was:   Firstnames Lastnames
0      James      Wick
1    Corolla      Leto
2       Mark     Smith
3       Eddy     Etwan
[2022-11-29T06:20:11.127+0000] {taskinstance.py:1406} INFO - Marking task as SUCCESS. dag_id=s3_dag, task_id=extract, execution_date=20221128T000000, start_date=20221129T062010, end_date=20221129T062011
[2022-11-29T06:20:11.175+0000] {local_task_job.py:159} INFO - Task exited with return code 0
[2022-11-29T06:20:11.196+0000] {taskinstance.py:2623} INFO - 1 downstream tasks scheduled from follow-on schedule check
[2022-11-29T06:20:41.228+0000] {taskinstance.py:1165} INFO - Dependencies all met for <TaskInstance: s3_dag.extract scheduled__2022-11-28T00:00:00+00:00 [queued]>
[2022-11-29T06:20:41.235+0000] {taskinstance.py:1165} INFO - Dependencies all met for <TaskInstance: s3_dag.extract scheduled__2022-11-28T00:00:00+00:00 [queued]>
[2022-11-29T06:20:41.235+0000] {taskinstance.py:1362} INFO - 
--------------------------------------------------------------------------------
[2022-11-29T06:20:41.235+0000] {taskinstance.py:1363} INFO - Starting attempt 1 of 1
[2022-11-29T06:20:41.235+0000] {taskinstance.py:1364} INFO - 
--------------------------------------------------------------------------------
[2022-11-29T06:20:41.248+0000] {taskinstance.py:1383} INFO - Executing <Task(_PythonDecoratedOperator): extract> on 2022-11-28 00:00:00+00:00
[2022-11-29T06:20:41.254+0000] {standard_task_runner.py:55} INFO - Started process 172 to run task
[2022-11-29T06:20:41.256+0000] {standard_task_runner.py:82} INFO - Running: ['***', 'tasks', 'run', 's3_dag', 'extract', 'scheduled__2022-11-28T00:00:00+00:00', '--job-id', '202', '--raw', '--subdir', 'DAGS_FOLDER/s3_dag.py', '--cfg-path', '/tmp/tmp5lqldl9i']
[2022-11-29T06:20:41.257+0000] {standard_task_runner.py:83} INFO - Job 202: Subtask extract
[2022-11-29T06:20:41.313+0000] {task_command.py:376} INFO - Running <TaskInstance: s3_dag.extract scheduled__2022-11-28T00:00:00+00:00 [running]> on host a3a66c4c6c98
[2022-11-29T06:20:41.380+0000] {taskinstance.py:1592} INFO - Exporting the following env vars:
AIRFLOW_CTX_DAG_OWNER=***
AIRFLOW_CTX_DAG_ID=s3_dag
AIRFLOW_CTX_TASK_ID=extract
AIRFLOW_CTX_EXECUTION_DATE=2022-11-28T00:00:00+00:00
AIRFLOW_CTX_TRY_NUMBER=1
AIRFLOW_CTX_DAG_RUN_ID=scheduled__2022-11-28T00:00:00+00:00
[2022-11-29T06:20:41.383+0000] {python.py:177} INFO - Done. Returned value was:   Firstnames Lastnames
0      James      Wick
1    Corolla      Leto
2       Mark     Smith
3       Eddy     Etwan
[2022-11-29T06:20:41.413+0000] {taskinstance.py:1406} INFO - Marking task as SUCCESS. dag_id=s3_dag, task_id=extract, execution_date=20221128T000000, start_date=20221129T062041, end_date=20221129T062041
[2022-11-29T06:20:41.467+0000] {local_task_job.py:159} INFO - Task exited with return code 0
[2022-11-29T06:20:41.487+0000] {taskinstance.py:2623} INFO - 1 downstream tasks scheduled from follow-on schedule check
[2022-11-29T06:21:11.544+0000] {taskinstance.py:1165} INFO - Dependencies all met for <TaskInstance: s3_dag.extract scheduled__2022-11-28T00:00:00+00:00 [queued]>
[2022-11-29T06:21:11.552+0000] {taskinstance.py:1165} INFO - Dependencies all met for <TaskInstance: s3_dag.extract scheduled__2022-11-28T00:00:00+00:00 [queued]>
[2022-11-29T06:21:11.552+0000] {taskinstance.py:1362} INFO - 
--------------------------------------------------------------------------------
[2022-11-29T06:21:11.552+0000] {taskinstance.py:1363} INFO - Starting attempt 1 of 1
[2022-11-29T06:21:11.552+0000] {taskinstance.py:1364} INFO - 
--------------------------------------------------------------------------------
[2022-11-29T06:21:11.564+0000] {taskinstance.py:1383} INFO - Executing <Task(_PythonDecoratedOperator): extract> on 2022-11-28 00:00:00+00:00
[2022-11-29T06:21:11.570+0000] {standard_task_runner.py:55} INFO - Started process 211 to run task
[2022-11-29T06:21:11.572+0000] {standard_task_runner.py:82} INFO - Running: ['***', 'tasks', 'run', 's3_dag', 'extract', 'scheduled__2022-11-28T00:00:00+00:00', '--job-id', '206', '--raw', '--subdir', 'DAGS_FOLDER/s3_dag.py', '--cfg-path', '/tmp/tmpnqxbq_l4']
[2022-11-29T06:21:11.573+0000] {standard_task_runner.py:83} INFO - Job 206: Subtask extract
[2022-11-29T06:21:11.619+0000] {task_command.py:376} INFO - Running <TaskInstance: s3_dag.extract scheduled__2022-11-28T00:00:00+00:00 [running]> on host a3a66c4c6c98
[2022-11-29T06:21:11.672+0000] {taskinstance.py:1592} INFO - Exporting the following env vars:
AIRFLOW_CTX_DAG_OWNER=***
AIRFLOW_CTX_DAG_ID=s3_dag
AIRFLOW_CTX_TASK_ID=extract
AIRFLOW_CTX_EXECUTION_DATE=2022-11-28T00:00:00+00:00
AIRFLOW_CTX_TRY_NUMBER=1
AIRFLOW_CTX_DAG_RUN_ID=scheduled__2022-11-28T00:00:00+00:00
[2022-11-29T06:21:11.674+0000] {python.py:177} INFO - Done. Returned value was:   Firstnames Lastnames
0      James      Wick
1    Corolla      Leto
2       Mark     Smith
3       Eddy     Etwan
[2022-11-29T06:21:11.697+0000] {taskinstance.py:1406} INFO - Marking task as SUCCESS. dag_id=s3_dag, task_id=extract, execution_date=20221128T000000, start_date=20221129T062111, end_date=20221129T062111
[2022-11-29T06:21:11.743+0000] {local_task_job.py:159} INFO - Task exited with return code 0
[2022-11-29T06:21:11.760+0000] {taskinstance.py:2623} INFO - 1 downstream tasks scheduled from follow-on schedule check
[2022-11-29T06:29:56.317+0000] {taskinstance.py:1165} INFO - Dependencies all met for <TaskInstance: s3_dag.extract scheduled__2022-11-28T00:00:00+00:00 [queued]>
[2022-11-29T06:29:56.324+0000] {taskinstance.py:1165} INFO - Dependencies all met for <TaskInstance: s3_dag.extract scheduled__2022-11-28T00:00:00+00:00 [queued]>
[2022-11-29T06:29:56.325+0000] {taskinstance.py:1362} INFO - 
--------------------------------------------------------------------------------
[2022-11-29T06:29:56.325+0000] {taskinstance.py:1363} INFO - Starting attempt 1 of 1
[2022-11-29T06:29:56.325+0000] {taskinstance.py:1364} INFO - 
--------------------------------------------------------------------------------
[2022-11-29T06:29:56.338+0000] {taskinstance.py:1383} INFO - Executing <Task(_PythonDecoratedOperator): extract> on 2022-11-28 00:00:00+00:00
[2022-11-29T06:29:56.345+0000] {standard_task_runner.py:55} INFO - Started process 176 to run task
[2022-11-29T06:29:56.346+0000] {standard_task_runner.py:82} INFO - Running: ['***', 'tasks', 'run', 's3_dag', 'extract', 'scheduled__2022-11-28T00:00:00+00:00', '--job-id', '212', '--raw', '--subdir', 'DAGS_FOLDER/s3_dag.py', '--cfg-path', '/tmp/tmpo5nxhzl0']
[2022-11-29T06:29:56.347+0000] {standard_task_runner.py:83} INFO - Job 212: Subtask extract
[2022-11-29T06:29:56.393+0000] {task_command.py:376} INFO - Running <TaskInstance: s3_dag.extract scheduled__2022-11-28T00:00:00+00:00 [running]> on host 8425c2f5eb27
[2022-11-29T06:29:56.476+0000] {taskinstance.py:1592} INFO - Exporting the following env vars:
AIRFLOW_CTX_DAG_OWNER=***
AIRFLOW_CTX_DAG_ID=s3_dag
AIRFLOW_CTX_TASK_ID=extract
AIRFLOW_CTX_EXECUTION_DATE=2022-11-28T00:00:00+00:00
AIRFLOW_CTX_TRY_NUMBER=1
AIRFLOW_CTX_DAG_RUN_ID=scheduled__2022-11-28T00:00:00+00:00
[2022-11-29T06:29:56.480+0000] {python.py:177} INFO - Done. Returned value was:   Firstnames Lastnames
0      James      Wick
1    Corolla      Leto
2       Mark     Smith
3       Eddy     Etwan
[2022-11-29T06:29:56.498+0000] {warnings.py:110} WARNING - /home/***/.local/lib/python3.7/site-packages/***/models/xcom.py:653: RemovedInAirflow3Warning: Method `serialize_value` in XCom backend S3XComBackend is using outdated signature andmust be updated to accept all params in `BaseXCom.set` except `session`. Support will be removed in a future release.
  RemovedInAirflow3Warning,

[2022-11-29T06:29:56.503+0000] {crypto.py:84} WARNING - empty cryptography key - values will not be stored encrypted.
[2022-11-29T06:29:56.503+0000] {base.py:71} INFO - Using connection ID 'aws_default' for task execution.
[2022-11-29T06:29:56.504+0000] {warnings.py:110} WARNING - /home/***/.local/lib/python3.7/site-packages/***/providers/amazon/aws/utils/connection_wrapper.py:8: DeprecationWarning: Use local credentials file is never documented and well tested. Obtain credentials by this way deprecated and will be removed in a future releases.
  #

[2022-11-29T06:29:56.504+0000] {connection_wrapper.py:317} INFO - AWS Connection (conn_id='aws_default', conn_type='aws') credentials retrieved from extra['s3_config_file']
[2022-11-29T06:29:58.681+0000] {taskinstance.py:1851} ERROR - Task failed with exception
Traceback (most recent call last):
  File "/home/airflow/.local/lib/python3.7/site-packages/boto3/s3/transfer.py", line 288, in upload_file
    future.result()
  File "/home/airflow/.local/lib/python3.7/site-packages/s3transfer/futures.py", line 103, in result
    return self._coordinator.result()
  File "/home/airflow/.local/lib/python3.7/site-packages/s3transfer/futures.py", line 266, in result
    raise self._exception
  File "/home/airflow/.local/lib/python3.7/site-packages/s3transfer/tasks.py", line 139, in __call__
    return self._execute_main(kwargs)
  File "/home/airflow/.local/lib/python3.7/site-packages/s3transfer/tasks.py", line 162, in _execute_main
    return_value = self._main(**kwargs)
  File "/home/airflow/.local/lib/python3.7/site-packages/s3transfer/upload.py", line 758, in _main
    client.put_object(Bucket=bucket, Key=key, Body=body, **extra_args)
  File "/home/airflow/.local/lib/python3.7/site-packages/botocore/client.py", line 515, in _api_call
    return self._make_api_call(operation_name, kwargs)
  File "/home/airflow/.local/lib/python3.7/site-packages/botocore/client.py", line 934, in _make_api_call
    raise error_class(parsed_response, operation_name)
botocore.errorfactory.NoSuchBucket: An error occurred (NoSuchBucket) when calling the PutObject operation: The specified bucket does not exist

During handling of the above exception, another exception occurred:

Traceback (most recent call last):
  File "/home/airflow/.local/lib/python3.7/site-packages/airflow/utils/session.py", line 72, in wrapper
    return func(*args, **kwargs)
  File "/home/airflow/.local/lib/python3.7/site-packages/airflow/models/taskinstance.py", line 2385, in xcom_push
    session=session,
  File "/home/airflow/.local/lib/python3.7/site-packages/airflow/utils/session.py", line 72, in wrapper
    return func(*args, **kwargs)
  File "/home/airflow/.local/lib/python3.7/site-packages/airflow/models/xcom.py", line 212, in set
    map_index=map_index,
  File "/home/airflow/.local/lib/python3.7/site-packages/airflow/models/xcom.py", line 655, in _shim
    return old_serializer(**kwargs)
  File "/opt/airflow/includes/s3_xcom_backend.py", line 25, in serialize_value
    replace=True
  File "/home/airflow/.local/lib/python3.7/site-packages/airflow/providers/amazon/aws/hooks/s3.py", line 64, in wrapper
    return func(*bound_args.args, **bound_args.kwargs)
  File "/home/airflow/.local/lib/python3.7/site-packages/airflow/providers/amazon/aws/hooks/s3.py", line 92, in wrapper
    return func(*bound_args.args, **bound_args.kwargs)
  File "/home/airflow/.local/lib/python3.7/site-packages/airflow/providers/amazon/aws/hooks/s3.py", line 649, in load_file
    client.upload_file(filename, bucket_name, key, ExtraArgs=extra_args, Config=self.transfer_config)
  File "/home/airflow/.local/lib/python3.7/site-packages/boto3/s3/inject.py", line 148, in upload_file
    callback=Callback,
  File "/home/airflow/.local/lib/python3.7/site-packages/boto3/s3/transfer.py", line 296, in upload_file
    filename, '/'.join([bucket, key]), e
boto3.exceptions.S3UploadFailedError: Failed to upload data_2e519e3b-2988-404e-b276-546451ed6ffd.csv to marcl-***-xcoms/data_2e519e3b-2988-404e-b276-546451ed6ffd: An error occurred (NoSuchBucket) when calling the PutObject operation: The specified bucket does not exist
[2022-11-29T06:29:58.688+0000] {taskinstance.py:1406} INFO - Marking task as FAILED. dag_id=s3_dag, task_id=extract, execution_date=20221128T000000, start_date=20221129T062956, end_date=20221129T062958
[2022-11-29T06:29:58.699+0000] {standard_task_runner.py:105} ERROR - Failed to execute job 212 for task extract (Failed to upload data_2e519e3b-2988-404e-b276-546451ed6ffd.csv to marcl-***-xcoms/data_2e519e3b-2988-404e-b276-546451ed6ffd: An error occurred (NoSuchBucket) when calling the PutObject operation: The specified bucket does not exist; 176)
[2022-11-29T06:29:58.726+0000] {local_task_job.py:159} INFO - Task exited with return code 1
[2022-11-29T06:29:58.751+0000] {taskinstance.py:2623} INFO - 0 downstream tasks scheduled from follow-on schedule check
[2022-11-29T06:37:39.041+0000] {taskinstance.py:1165} INFO - Dependencies all met for <TaskInstance: s3_dag.extract scheduled__2022-11-28T00:00:00+00:00 [queued]>
[2022-11-29T06:37:39.048+0000] {taskinstance.py:1165} INFO - Dependencies all met for <TaskInstance: s3_dag.extract scheduled__2022-11-28T00:00:00+00:00 [queued]>
[2022-11-29T06:37:39.048+0000] {taskinstance.py:1362} INFO - 
--------------------------------------------------------------------------------
[2022-11-29T06:37:39.048+0000] {taskinstance.py:1363} INFO - Starting attempt 1 of 1
[2022-11-29T06:37:39.048+0000] {taskinstance.py:1364} INFO - 
--------------------------------------------------------------------------------
[2022-11-29T06:37:39.061+0000] {taskinstance.py:1383} INFO - Executing <Task(_PythonDecoratedOperator): extract> on 2022-11-28 00:00:00+00:00
[2022-11-29T06:37:39.068+0000] {standard_task_runner.py:55} INFO - Started process 308 to run task
[2022-11-29T06:37:39.070+0000] {standard_task_runner.py:82} INFO - Running: ['***', 'tasks', 'run', 's3_dag', 'extract', 'scheduled__2022-11-28T00:00:00+00:00', '--job-id', '221', '--raw', '--subdir', 'DAGS_FOLDER/s3_dag.py', '--cfg-path', '/tmp/tmpuzaigg_2']
[2022-11-29T06:37:39.070+0000] {standard_task_runner.py:83} INFO - Job 221: Subtask extract
[2022-11-29T06:37:39.112+0000] {task_command.py:376} INFO - Running <TaskInstance: s3_dag.extract scheduled__2022-11-28T00:00:00+00:00 [running]> on host d8a43e064f71
[2022-11-29T06:37:39.164+0000] {taskinstance.py:1592} INFO - Exporting the following env vars:
AIRFLOW_CTX_DAG_OWNER=***
AIRFLOW_CTX_DAG_ID=s3_dag
AIRFLOW_CTX_TASK_ID=extract
AIRFLOW_CTX_EXECUTION_DATE=2022-11-28T00:00:00+00:00
AIRFLOW_CTX_TRY_NUMBER=1
AIRFLOW_CTX_DAG_RUN_ID=scheduled__2022-11-28T00:00:00+00:00
[2022-11-29T06:37:39.167+0000] {python.py:177} INFO - Done. Returned value was:   Firstnames Lastnames
0      James      Wick
1    Corolla      Leto
2       Mark     Smith
3       Eddy     Etwan
[2022-11-29T06:37:39.176+0000] {warnings.py:110} WARNING - /home/***/.local/lib/python3.7/site-packages/***/models/xcom.py:653: RemovedInAirflow3Warning: Method `serialize_value` in XCom backend S3XComBackend is using outdated signature andmust be updated to accept all params in `BaseXCom.set` except `session`. Support will be removed in a future release.
  RemovedInAirflow3Warning,

[2022-11-29T06:37:39.178+0000] {crypto.py:84} WARNING - empty cryptography key - values will not be stored encrypted.
[2022-11-29T06:37:39.179+0000] {base.py:71} INFO - Using connection ID 'aws_default' for task execution.
[2022-11-29T06:37:39.179+0000] {warnings.py:110} WARNING - /home/***/.local/lib/python3.7/site-packages/***/providers/amazon/aws/utils/connection_wrapper.py:8: DeprecationWarning: Use local credentials file is never documented and well tested. Obtain credentials by this way deprecated and will be removed in a future releases.
  #

[2022-11-29T06:37:39.180+0000] {connection_wrapper.py:317} INFO - AWS Connection (conn_id='aws_default', conn_type='aws') credentials retrieved from extra['s3_config_file']
[2022-11-29T06:37:39.683+0000] {taskinstance.py:1406} INFO - Marking task as SUCCESS. dag_id=s3_dag, task_id=extract, execution_date=20221128T000000, start_date=20221129T063739, end_date=20221129T063739
[2022-11-29T06:37:39.724+0000] {local_task_job.py:159} INFO - Task exited with return code 0
[2022-11-29T06:37:39.746+0000] {taskinstance.py:2623} INFO - 1 downstream tasks scheduled from follow-on schedule check
