[2022-11-29T07:45:00.723+0000] {taskinstance.py:1165} INFO - Dependencies all met for <TaskInstance: my_dag.training_model_C scheduled__2022-11-29T07:44:00+00:00 [queued]>
[2022-11-29T07:45:00.732+0000] {taskinstance.py:1165} INFO - Dependencies all met for <TaskInstance: my_dag.training_model_C scheduled__2022-11-29T07:44:00+00:00 [queued]>
[2022-11-29T07:45:00.732+0000] {taskinstance.py:1362} INFO - 
--------------------------------------------------------------------------------
[2022-11-29T07:45:00.732+0000] {taskinstance.py:1363} INFO - Starting attempt 1 of 1
[2022-11-29T07:45:00.732+0000] {taskinstance.py:1364} INFO - 
--------------------------------------------------------------------------------
[2022-11-29T07:45:00.752+0000] {taskinstance.py:1383} INFO - Executing <Task(PythonOperator): training_model_C> on 2022-11-29 07:44:00+00:00
[2022-11-29T07:45:00.760+0000] {standard_task_runner.py:55} INFO - Started process 676 to run task
[2022-11-29T07:45:00.762+0000] {standard_task_runner.py:82} INFO - Running: ['***', 'tasks', 'run', 'my_dag', 'training_model_C', 'scheduled__2022-11-29T07:44:00+00:00', '--job-id', '305', '--raw', '--subdir', 'DAGS_FOLDER/my_dag.py', '--cfg-path', '/tmp/tmp0nfq104x']
[2022-11-29T07:45:00.762+0000] {standard_task_runner.py:83} INFO - Job 305: Subtask training_model_C
[2022-11-29T07:45:00.810+0000] {task_command.py:376} INFO - Running <TaskInstance: my_dag.training_model_C scheduled__2022-11-29T07:44:00+00:00 [running]> on host d8a43e064f71
[2022-11-29T07:45:00.877+0000] {taskinstance.py:1592} INFO - Exporting the following env vars:
AIRFLOW_CTX_DAG_OWNER=***
AIRFLOW_CTX_DAG_ID=my_dag
AIRFLOW_CTX_TASK_ID=training_model_C
AIRFLOW_CTX_EXECUTION_DATE=2022-11-29T07:44:00+00:00
AIRFLOW_CTX_TRY_NUMBER=1
AIRFLOW_CTX_DAG_RUN_ID=scheduled__2022-11-29T07:44:00+00:00
[2022-11-29T07:45:00.878+0000] {python.py:177} INFO - Done. Returned value was: 2
[2022-11-29T07:45:00.883+0000] {warnings.py:110} WARNING - /home/***/.local/lib/python3.7/site-packages/***/models/xcom.py:653: RemovedInAirflow3Warning: Method `serialize_value` in XCom backend S3XComBackend is using outdated signature andmust be updated to accept all params in `BaseXCom.set` except `session`. Support will be removed in a future release.
  RemovedInAirflow3Warning,

[2022-11-29T07:45:00.899+0000] {taskinstance.py:1406} INFO - Marking task as SUCCESS. dag_id=my_dag, task_id=training_model_C, execution_date=20221129T074400, start_date=20221129T074500, end_date=20221129T074500
[2022-11-29T07:45:00.933+0000] {local_task_job.py:159} INFO - Task exited with return code 0
[2022-11-29T07:45:00.968+0000] {taskinstance.py:2623} INFO - 0 downstream tasks scheduled from follow-on schedule check
